#
#<?php die('Forbidden.'); ?>
#Date: 2019-03-26 04:15:09 UTC
#Software: Joomla Platform 13.1.0 Stable [ Curiosity ] 24-Apr-2013 00:00 GMT

#Fields: datetime	priority clientip	category	message
2019-03-26T04:15:09+00:00	CRITICAL ::1	error	Uncaught \Throwable of type Exception thrown. Stack trace: #0 /Users/codeacious3/Sites/sellacious/libraries/src/MVC/Controller/BaseController.php(621): Joomla\CMS\MVC\Controller\BaseController->getView('login', 'json', 'loginView', Array)
#1 /Users/codeacious3/Sites/sellacious/sellacious/components/com_login/controller.php(42): Joomla\CMS\MVC\Controller\BaseController->display(false, NULL)
#2 /Users/codeacious3/Sites/sellacious/libraries/src/MVC/Controller/BaseController.php(710): LoginController->display()
#3 /Users/codeacious3/Sites/sellacious/sellacious/components/com_login/login.php(21): Joomla\CMS\MVC\Controller\BaseController->execute('')
#4 /Users/codeacious3/Sites/sellacious/libraries/src/Component/ComponentHelper.php(402): require_once('/Users/codeacio...')
#5 /Users/codeacious3/Sites/sellacious/libraries/src/Component/ComponentHelper.php(377): Joomla\CMS\Component\ComponentHelper::executeComponent('/Users/codeacio...')
#6 /Users/codeacious3/Sites/sellacious/sellacious/includes/libraries/application.php(205): Joomla\CMS\Component\ComponentHelper::renderComponent('com_login')
#7 /Users/codeacious3/Sites/sellacious/sellacious/includes/libraries/application.php(250): JApplicationSellacious->dispatch()
#8 /Users/codeacious3/Sites/sellacious/libraries/src/Application/CMSApplication.php(196): JApplicationSellacious->doExecute()
#9 /Users/codeacious3/Sites/sellacious/sellacious/index.php(43): Joomla\CMS\Application\CMSApplication->execute()
#10 {main}
2019-03-26T06:07:10+00:00	CRITICAL ::1	error	Uncaught \Throwable of type Exception thrown. Stack trace: #0 /Users/codeacious3/Sites/sellacious/libraries/src/MVC/Controller/BaseController.php(621): Joomla\CMS\MVC\Controller\BaseController->getView('login', 'json', 'loginView', Array)
#1 /Users/codeacious3/Sites/sellacious/sellacious/components/com_login/controller.php(42): Joomla\CMS\MVC\Controller\BaseController->display(false, NULL)
#2 /Users/codeacious3/Sites/sellacious/libraries/src/MVC/Controller/BaseController.php(710): LoginController->display()
#3 /Users/codeacious3/Sites/sellacious/sellacious/components/com_login/login.php(21): Joomla\CMS\MVC\Controller\BaseController->execute('')
#4 /Users/codeacious3/Sites/sellacious/libraries/src/Component/ComponentHelper.php(402): require_once('/Users/codeacio...')
#5 /Users/codeacious3/Sites/sellacious/libraries/src/Component/ComponentHelper.php(377): Joomla\CMS\Component\ComponentHelper::executeComponent('/Users/codeacio...')
#6 /Users/codeacious3/Sites/sellacious/sellacious/includes/libraries/application.php(205): Joomla\CMS\Component\ComponentHelper::renderComponent('com_login')
#7 /Users/codeacious3/Sites/sellacious/sellacious/includes/libraries/application.php(250): JApplicationSellacious->dispatch()
#8 /Users/codeacious3/Sites/sellacious/libraries/src/Application/CMSApplication.php(196): JApplicationSellacious->doExecute()
#9 /Users/codeacious3/Sites/sellacious/sellacious/index.php(43): Joomla\CMS\Application\CMSApplication->execute()
#10 {main}
2019-03-26T06:21:29+00:00	CRITICAL ::1	error	Uncaught \Throwable of type Exception thrown. Stack trace: #0 /Users/codeacious3/Sites/sellacious/libraries/src/MVC/Controller/BaseController.php(621): Joomla\CMS\MVC\Controller\BaseController->getView('login', 'json', 'loginView', Array)
#1 /Users/codeacious3/Sites/sellacious/sellacious/components/com_login/controller.php(42): Joomla\CMS\MVC\Controller\BaseController->display(false, NULL)
#2 /Users/codeacious3/Sites/sellacious/libraries/src/MVC/Controller/BaseController.php(710): LoginController->display()
#3 /Users/codeacious3/Sites/sellacious/sellacious/components/com_login/login.php(21): Joomla\CMS\MVC\Controller\BaseController->execute('')
#4 /Users/codeacious3/Sites/sellacious/libraries/src/Component/ComponentHelper.php(402): require_once('/Users/codeacio...')
#5 /Users/codeacious3/Sites/sellacious/libraries/src/Component/ComponentHelper.php(377): Joomla\CMS\Component\ComponentHelper::executeComponent('/Users/codeacio...')
#6 /Users/codeacious3/Sites/sellacious/sellacious/includes/libraries/application.php(205): Joomla\CMS\Component\ComponentHelper::renderComponent('com_login')
#7 /Users/codeacious3/Sites/sellacious/sellacious/includes/libraries/application.php(250): JApplicationSellacious->dispatch()
#8 /Users/codeacious3/Sites/sellacious/libraries/src/Application/CMSApplication.php(196): JApplicationSellacious->doExecute()
#9 /Users/codeacious3/Sites/sellacious/sellacious/index.php(43): Joomla\CMS\Application\CMSApplication->execute()
#10 {main}
2019-03-26T06:35:29+00:00	CRITICAL ::1	error	Uncaught \Throwable of type Exception thrown. Stack trace: #0 /Users/codeacious3/Sites/sellacious/libraries/src/MVC/Controller/BaseController.php(621): Joomla\CMS\MVC\Controller\BaseController->getView('login', 'json', 'loginView', Array)
#1 /Users/codeacious3/Sites/sellacious/sellacious/components/com_login/controller.php(42): Joomla\CMS\MVC\Controller\BaseController->display(false, NULL)
#2 /Users/codeacious3/Sites/sellacious/libraries/src/MVC/Controller/BaseController.php(710): LoginController->display()
#3 /Users/codeacious3/Sites/sellacious/sellacious/components/com_login/login.php(21): Joomla\CMS\MVC\Controller\BaseController->execute('')
#4 /Users/codeacious3/Sites/sellacious/libraries/src/Component/ComponentHelper.php(402): require_once('/Users/codeacio...')
#5 /Users/codeacious3/Sites/sellacious/libraries/src/Component/ComponentHelper.php(377): Joomla\CMS\Component\ComponentHelper::executeComponent('/Users/codeacio...')
#6 /Users/codeacious3/Sites/sellacious/sellacious/includes/libraries/application.php(205): Joomla\CMS\Component\ComponentHelper::renderComponent('com_login')
#7 /Users/codeacious3/Sites/sellacious/sellacious/includes/libraries/application.php(250): JApplicationSellacious->dispatch()
#8 /Users/codeacious3/Sites/sellacious/libraries/src/Application/CMSApplication.php(196): JApplicationSellacious->doExecute()
#9 /Users/codeacious3/Sites/sellacious/sellacious/index.php(43): Joomla\CMS\Application\CMSApplication->execute()
#10 {main}
2019-03-26T06:49:30+00:00	CRITICAL ::1	error	Uncaught \Throwable of type Exception thrown. Stack trace: #0 /Users/codeacious3/Sites/sellacious/libraries/src/MVC/Controller/BaseController.php(621): Joomla\CMS\MVC\Controller\BaseController->getView('login', 'json', 'loginView', Array)
#1 /Users/codeacious3/Sites/sellacious/sellacious/components/com_login/controller.php(42): Joomla\CMS\MVC\Controller\BaseController->display(false, NULL)
#2 /Users/codeacious3/Sites/sellacious/libraries/src/MVC/Controller/BaseController.php(710): LoginController->display()
#3 /Users/codeacious3/Sites/sellacious/sellacious/components/com_login/login.php(21): Joomla\CMS\MVC\Controller\BaseController->execute('')
#4 /Users/codeacious3/Sites/sellacious/libraries/src/Component/ComponentHelper.php(402): require_once('/Users/codeacio...')
#5 /Users/codeacious3/Sites/sellacious/libraries/src/Component/ComponentHelper.php(377): Joomla\CMS\Component\ComponentHelper::executeComponent('/Users/codeacio...')
#6 /Users/codeacious3/Sites/sellacious/sellacious/includes/libraries/application.php(205): Joomla\CMS\Component\ComponentHelper::renderComponent('com_login')
#7 /Users/codeacious3/Sites/sellacious/sellacious/includes/libraries/application.php(250): JApplicationSellacious->dispatch()
#8 /Users/codeacious3/Sites/sellacious/libraries/src/Application/CMSApplication.php(196): JApplicationSellacious->doExecute()
#9 /Users/codeacious3/Sites/sellacious/sellacious/index.php(43): Joomla\CMS\Application\CMSApplication->execute()
#10 {main}
2019-03-26T07:03:29+00:00	CRITICAL ::1	error	Uncaught \Throwable of type Exception thrown. Stack trace: #0 /Users/codeacious3/Sites/sellacious/libraries/src/MVC/Controller/BaseController.php(621): Joomla\CMS\MVC\Controller\BaseController->getView('login', 'json', 'loginView', Array)
#1 /Users/codeacious3/Sites/sellacious/sellacious/components/com_login/controller.php(42): Joomla\CMS\MVC\Controller\BaseController->display(false, NULL)
#2 /Users/codeacious3/Sites/sellacious/libraries/src/MVC/Controller/BaseController.php(710): LoginController->display()
#3 /Users/codeacious3/Sites/sellacious/sellacious/components/com_login/login.php(21): Joomla\CMS\MVC\Controller\BaseController->execute('')
#4 /Users/codeacious3/Sites/sellacious/libraries/src/Component/ComponentHelper.php(402): require_once('/Users/codeacio...')
#5 /Users/codeacious3/Sites/sellacious/libraries/src/Component/ComponentHelper.php(377): Joomla\CMS\Component\ComponentHelper::executeComponent('/Users/codeacio...')
#6 /Users/codeacious3/Sites/sellacious/sellacious/includes/libraries/application.php(205): Joomla\CMS\Component\ComponentHelper::renderComponent('com_login')
#7 /Users/codeacious3/Sites/sellacious/sellacious/includes/libraries/application.php(250): JApplicationSellacious->dispatch()
#8 /Users/codeacious3/Sites/sellacious/libraries/src/Application/CMSApplication.php(196): JApplicationSellacious->doExecute()
#9 /Users/codeacious3/Sites/sellacious/sellacious/index.php(43): Joomla\CMS\Application\CMSApplication->execute()
#10 {main}
2019-03-26T08:15:36+00:00	CRITICAL ::1	error	Uncaught \Throwable of type Exception thrown. Stack trace: #0 /Users/codeacious3/Sites/sellacious/libraries/src/MVC/Controller/BaseController.php(621): Joomla\CMS\MVC\Controller\BaseController->getView('login', 'json', 'loginView', Array)
#1 /Users/codeacious3/Sites/sellacious/sellacious/components/com_login/controller.php(42): Joomla\CMS\MVC\Controller\BaseController->display(false, NULL)
#2 /Users/codeacious3/Sites/sellacious/libraries/src/MVC/Controller/BaseController.php(710): LoginController->display()
#3 /Users/codeacious3/Sites/sellacious/sellacious/components/com_login/login.php(21): Joomla\CMS\MVC\Controller\BaseController->execute('')
#4 /Users/codeacious3/Sites/sellacious/libraries/src/Component/ComponentHelper.php(402): require_once('/Users/codeacio...')
#5 /Users/codeacious3/Sites/sellacious/libraries/src/Component/ComponentHelper.php(377): Joomla\CMS\Component\ComponentHelper::executeComponent('/Users/codeacio...')
#6 /Users/codeacious3/Sites/sellacious/sellacious/includes/libraries/application.php(205): Joomla\CMS\Component\ComponentHelper::renderComponent('com_login')
#7 /Users/codeacious3/Sites/sellacious/sellacious/includes/libraries/application.php(250): JApplicationSellacious->dispatch()
#8 /Users/codeacious3/Sites/sellacious/libraries/src/Application/CMSApplication.php(196): JApplicationSellacious->doExecute()
#9 /Users/codeacious3/Sites/sellacious/sellacious/index.php(43): Joomla\CMS\Application\CMSApplication->execute()
#10 {main}
2019-03-26T08:29:36+00:00	CRITICAL ::1	error	Uncaught \Throwable of type Exception thrown. Stack trace: #0 /Users/codeacious3/Sites/sellacious/libraries/src/MVC/Controller/BaseController.php(621): Joomla\CMS\MVC\Controller\BaseController->getView('login', 'json', 'loginView', Array)
#1 /Users/codeacious3/Sites/sellacious/sellacious/components/com_login/controller.php(42): Joomla\CMS\MVC\Controller\BaseController->display(false, NULL)
#2 /Users/codeacious3/Sites/sellacious/libraries/src/MVC/Controller/BaseController.php(710): LoginController->display()
#3 /Users/codeacious3/Sites/sellacious/sellacious/components/com_login/login.php(21): Joomla\CMS\MVC\Controller\BaseController->execute('')
#4 /Users/codeacious3/Sites/sellacious/libraries/src/Component/ComponentHelper.php(402): require_once('/Users/codeacio...')
#5 /Users/codeacious3/Sites/sellacious/libraries/src/Component/ComponentHelper.php(377): Joomla\CMS\Component\ComponentHelper::executeComponent('/Users/codeacio...')
#6 /Users/codeacious3/Sites/sellacious/sellacious/includes/libraries/application.php(205): Joomla\CMS\Component\ComponentHelper::renderComponent('com_login')
#7 /Users/codeacious3/Sites/sellacious/sellacious/includes/libraries/application.php(250): JApplicationSellacious->dispatch()
#8 /Users/codeacious3/Sites/sellacious/libraries/src/Application/CMSApplication.php(196): JApplicationSellacious->doExecute()
#9 /Users/codeacious3/Sites/sellacious/sellacious/index.php(43): Joomla\CMS\Application\CMSApplication->execute()
#10 {main}
2019-03-26T10:46:40+00:00	CRITICAL ::1	error	Uncaught \Throwable of type JException thrown. Stack trace: #0 /Users/codeacious3/Sites/sellacious/libraries/legacy/error/error.php(277): JError::raise(1, 404, 'Category not fo...', NULL, true)
#1 /Users/codeacious3/Sites/sellacious/libraries/src/MVC/View/CategoryView.php(133): JError::raiseError(404, 'Category not fo...')
#2 /Users/codeacious3/Sites/sellacious/components/com_content/views/category/view.html.php(75): Joomla\CMS\MVC\View\CategoryView->commonCategoryDisplay()
#3 /Users/codeacious3/Sites/sellacious/libraries/src/MVC/Controller/BaseController.php(672): ContentViewCategory->display()
#4 /Users/codeacious3/Sites/sellacious/components/com_content/controller.php(118): Joomla\CMS\MVC\Controller\BaseController->display(true, Array)
#5 /Users/codeacious3/Sites/sellacious/libraries/src/MVC/Controller/BaseController.php(710): ContentController->display()
#6 /Users/codeacious3/Sites/sellacious/components/com_content/content.php(43): Joomla\CMS\MVC\Controller\BaseController->execute('')
#7 /Users/codeacious3/Sites/sellacious/libraries/src/Component/ComponentHelper.php(402): require_once('/Users/codeacio...')
#8 /Users/codeacious3/Sites/sellacious/libraries/src/Component/ComponentHelper.php(377): Joomla\CMS\Component\ComponentHelper::executeComponent('/Users/codeacio...')
#9 /Users/codeacious3/Sites/sellacious/libraries/src/Application/SiteApplication.php(194): Joomla\CMS\Component\ComponentHelper::renderComponent('com_content')
#10 /Users/codeacious3/Sites/sellacious/libraries/src/Application/SiteApplication.php(233): Joomla\CMS\Application\SiteApplication->dispatch()
#11 /Users/codeacious3/Sites/sellacious/libraries/src/Application/CMSApplication.php(196): Joomla\CMS\Application\SiteApplication->doExecute()
#12 /Users/codeacious3/Sites/sellacious/index.php(49): Joomla\CMS\Application\CMSApplication->execute()
#13 {main}
2019-03-26T10:46:40+00:00	CRITICAL ::1	error	Uncaught \Throwable of type JException thrown. Stack trace: #0 /Users/codeacious3/Sites/sellacious/libraries/legacy/error/error.php(277): JError::raise(1, 404, 'Category not fo...', NULL, true)
#1 /Users/codeacious3/Sites/sellacious/libraries/src/MVC/View/CategoryView.php(133): JError::raiseError(404, 'Category not fo...')
#2 /Users/codeacious3/Sites/sellacious/components/com_content/views/category/view.html.php(75): Joomla\CMS\MVC\View\CategoryView->commonCategoryDisplay()
#3 /Users/codeacious3/Sites/sellacious/libraries/src/MVC/Controller/BaseController.php(672): ContentViewCategory->display()
#4 /Users/codeacious3/Sites/sellacious/components/com_content/controller.php(118): Joomla\CMS\MVC\Controller\BaseController->display(true, Array)
#5 /Users/codeacious3/Sites/sellacious/libraries/src/MVC/Controller/BaseController.php(710): ContentController->display()
#6 /Users/codeacious3/Sites/sellacious/components/com_content/content.php(43): Joomla\CMS\MVC\Controller\BaseController->execute('')
#7 /Users/codeacious3/Sites/sellacious/libraries/src/Component/ComponentHelper.php(402): require_once('/Users/codeacio...')
#8 /Users/codeacious3/Sites/sellacious/libraries/src/Component/ComponentHelper.php(377): Joomla\CMS\Component\ComponentHelper::executeComponent('/Users/codeacio...')
#9 /Users/codeacious3/Sites/sellacious/libraries/src/Application/SiteApplication.php(194): Joomla\CMS\Component\ComponentHelper::renderComponent('com_content')
#10 /Users/codeacious3/Sites/sellacious/libraries/src/Application/SiteApplication.php(233): Joomla\CMS\Application\SiteApplication->dispatch()
#11 /Users/codeacious3/Sites/sellacious/libraries/src/Application/CMSApplication.php(196): Joomla\CMS\Application\SiteApplication->doExecute()
#12 /Users/codeacious3/Sites/sellacious/index.php(49): Joomla\CMS\Application\CMSApplication->execute()
#13 {main}
2019-03-26T11:02:06+00:00	CRITICAL ::1	error	Uncaught \Throwable of type JDatabaseExceptionExecuting thrown. Stack trace: #0 /Users/codeacious3/Sites/sellacious/libraries/joomla/database/driver.php(1695): JDatabaseDriverMysqli->execute()
#1 /Users/codeacious3/Sites/sellacious/libraries/sellacious/helper/product.php(2340): JDatabaseDriver->loadObjectList()
#2 /Users/codeacious3/Sites/sellacious/modules/mod_sellacious_specialcatsproducts/mod_sellacious_specialcatsproducts.php(60): SellaciousHelperProduct->getModProducts(Object(Joomla\Registry\Registry), 'specialcatsprod...')
#3 /Users/codeacious3/Sites/sellacious/libraries/src/Helper/ModuleHelper.php(200): include('/Users/codeacio...')
#4 /Users/codeacious3/Sites/sellacious/libraries/src/Document/Renderer/Html/ModuleRenderer.php(98): Joomla\CMS\Helper\ModuleHelper::renderModule(Object(stdClass), Array)
#5 /Users/codeacious3/Sites/sellacious/libraries/src/Document/Renderer/Html/ModulesRenderer.php(47): Joomla\CMS\Document\Renderer\Html\ModuleRenderer->render(Object(stdClass), Array, NULL)
#6 /Users/codeacious3/Sites/sellacious/libraries/src/Document/HtmlDocument.php(491): Joomla\CMS\Document\Renderer\Html\ModulesRenderer->render('position-3', Array, NULL)
#7 /Users/codeacious3/Sites/sellacious/libraries/src/Document/HtmlDocument.php(783): Joomla\CMS\Document\HtmlDocument->getBuffer('modules', 'position-3', Array)
#8 /Users/codeacious3/Sites/sellacious/libraries/src/Document/HtmlDocument.php(557): Joomla\CMS\Document\HtmlDocument->_renderTemplate()
#9 /Users/codeacious3/Sites/sellacious/libraries/src/Application/CMSApplication.php(1044): Joomla\CMS\Document\HtmlDocument->render(false, Array)
#10 /Users/codeacious3/Sites/sellacious/libraries/src/Application/SiteApplication.php(778): Joomla\CMS\Application\CMSApplication->render()
#11 /Users/codeacious3/Sites/sellacious/libraries/src/Application/CMSApplication.php(202): Joomla\CMS\Application\SiteApplication->render()
#12 /Users/codeacious3/Sites/sellacious/index.php(49): Joomla\CMS\Application\CMSApplication->execute()
#13 {main}
2019-03-26T11:02:35+00:00	CRITICAL ::1	error	Uncaught \Throwable of type JDatabaseExceptionExecuting thrown. Stack trace: #0 /Users/codeacious3/Sites/sellacious/libraries/joomla/database/driver.php(1695): JDatabaseDriverMysqli->execute()
#1 /Users/codeacious3/Sites/sellacious/libraries/sellacious/helper/product.php(2340): JDatabaseDriver->loadObjectList()
#2 /Users/codeacious3/Sites/sellacious/modules/mod_sellacious_specialcatsproducts/mod_sellacious_specialcatsproducts.php(60): SellaciousHelperProduct->getModProducts(Object(Joomla\Registry\Registry), 'specialcatsprod...')
#3 /Users/codeacious3/Sites/sellacious/libraries/src/Helper/ModuleHelper.php(200): include('/Users/codeacio...')
#4 /Users/codeacious3/Sites/sellacious/libraries/src/Document/Renderer/Html/ModuleRenderer.php(98): Joomla\CMS\Helper\ModuleHelper::renderModule(Object(stdClass), Array)
#5 /Users/codeacious3/Sites/sellacious/libraries/src/Document/Renderer/Html/ModulesRenderer.php(47): Joomla\CMS\Document\Renderer\Html\ModuleRenderer->render(Object(stdClass), Array, NULL)
#6 /Users/codeacious3/Sites/sellacious/libraries/src/Document/HtmlDocument.php(491): Joomla\CMS\Document\Renderer\Html\ModulesRenderer->render('position-3', Array, NULL)
#7 /Users/codeacious3/Sites/sellacious/libraries/src/Document/HtmlDocument.php(783): Joomla\CMS\Document\HtmlDocument->getBuffer('modules', 'position-3', Array)
#8 /Users/codeacious3/Sites/sellacious/libraries/src/Document/HtmlDocument.php(557): Joomla\CMS\Document\HtmlDocument->_renderTemplate()
#9 /Users/codeacious3/Sites/sellacious/libraries/src/Application/CMSApplication.php(1044): Joomla\CMS\Document\HtmlDocument->render(false, Array)
#10 /Users/codeacious3/Sites/sellacious/libraries/src/Application/SiteApplication.php(778): Joomla\CMS\Application\CMSApplication->render()
#11 /Users/codeacious3/Sites/sellacious/libraries/src/Application/CMSApplication.php(202): Joomla\CMS\Application\SiteApplication->render()
#12 /Users/codeacious3/Sites/sellacious/index.php(49): Joomla\CMS\Application\CMSApplication->execute()
#13 {main}
2019-03-26T11:11:44+00:00	CRITICAL ::1	error	Uncaught \Throwable of type JDatabaseExceptionExecuting thrown. Stack trace: #0 /Users/codeacious3/Sites/sellacious/libraries/joomla/database/driver.php(1695): JDatabaseDriverMysqli->execute()
#1 /Users/codeacious3/Sites/sellacious/libraries/sellacious/helper/product.php(2340): JDatabaseDriver->loadObjectList()
#2 /Users/codeacious3/Sites/sellacious/modules/mod_sellacious_specialcatsproducts/mod_sellacious_specialcatsproducts.php(60): SellaciousHelperProduct->getModProducts(Object(Joomla\Registry\Registry), 'specialcatsprod...')
#3 /Users/codeacious3/Sites/sellacious/libraries/src/Helper/ModuleHelper.php(200): include('/Users/codeacio...')
#4 /Users/codeacious3/Sites/sellacious/libraries/src/Document/Renderer/Html/ModuleRenderer.php(98): Joomla\CMS\Helper\ModuleHelper::renderModule(Object(stdClass), Array)
#5 /Users/codeacious3/Sites/sellacious/libraries/src/Document/Renderer/Html/ModulesRenderer.php(47): Joomla\CMS\Document\Renderer\Html\ModuleRenderer->render(Object(stdClass), Array, NULL)
#6 /Users/codeacious3/Sites/sellacious/libraries/src/Document/HtmlDocument.php(491): Joomla\CMS\Document\Renderer\Html\ModulesRenderer->render('position-3', Array, NULL)
#7 /Users/codeacious3/Sites/sellacious/libraries/src/Document/HtmlDocument.php(783): Joomla\CMS\Document\HtmlDocument->getBuffer('modules', 'position-3', Array)
#8 /Users/codeacious3/Sites/sellacious/libraries/src/Document/HtmlDocument.php(557): Joomla\CMS\Document\HtmlDocument->_renderTemplate()
#9 /Users/codeacious3/Sites/sellacious/libraries/src/Application/CMSApplication.php(1044): Joomla\CMS\Document\HtmlDocument->render(false, Array)
#10 /Users/codeacious3/Sites/sellacious/libraries/src/Application/SiteApplication.php(778): Joomla\CMS\Application\CMSApplication->render()
#11 /Users/codeacious3/Sites/sellacious/libraries/src/Application/CMSApplication.php(202): Joomla\CMS\Application\SiteApplication->render()
#12 /Users/codeacious3/Sites/sellacious/index.php(49): Joomla\CMS\Application\CMSApplication->execute()
#13 {main}
2019-03-26T11:11:45+00:00	CRITICAL ::1	error	Uncaught \Throwable of type JDatabaseExceptionExecuting thrown. Stack trace: #0 /Users/codeacious3/Sites/sellacious/libraries/joomla/database/driver.php(1695): JDatabaseDriverMysqli->execute()
#1 /Users/codeacious3/Sites/sellacious/libraries/sellacious/helper/product.php(2340): JDatabaseDriver->loadObjectList()
#2 /Users/codeacious3/Sites/sellacious/modules/mod_sellacious_specialcatsproducts/mod_sellacious_specialcatsproducts.php(60): SellaciousHelperProduct->getModProducts(Object(Joomla\Registry\Registry), 'specialcatsprod...')
#3 /Users/codeacious3/Sites/sellacious/libraries/src/Helper/ModuleHelper.php(200): include('/Users/codeacio...')
#4 /Users/codeacious3/Sites/sellacious/libraries/src/Document/Renderer/Html/ModuleRenderer.php(98): Joomla\CMS\Helper\ModuleHelper::renderModule(Object(stdClass), Array)
#5 /Users/codeacious3/Sites/sellacious/libraries/src/Document/Renderer/Html/ModulesRenderer.php(47): Joomla\CMS\Document\Renderer\Html\ModuleRenderer->render(Object(stdClass), Array, NULL)
#6 /Users/codeacious3/Sites/sellacious/libraries/src/Document/HtmlDocument.php(491): Joomla\CMS\Document\Renderer\Html\ModulesRenderer->render('position-3', Array, NULL)
#7 /Users/codeacious3/Sites/sellacious/libraries/src/Document/HtmlDocument.php(783): Joomla\CMS\Document\HtmlDocument->getBuffer('modules', 'position-3', Array)
#8 /Users/codeacious3/Sites/sellacious/libraries/src/Document/HtmlDocument.php(557): Joomla\CMS\Document\HtmlDocument->_renderTemplate()
#9 /Users/codeacious3/Sites/sellacious/libraries/src/Application/CMSApplication.php(1044): Joomla\CMS\Document\HtmlDocument->render(false, Array)
#10 /Users/codeacious3/Sites/sellacious/libraries/src/Application/SiteApplication.php(778): Joomla\CMS\Application\CMSApplication->render()
#11 /Users/codeacious3/Sites/sellacious/libraries/src/Application/CMSApplication.php(202): Joomla\CMS\Application\SiteApplication->render()
#12 /Users/codeacious3/Sites/sellacious/index.php(49): Joomla\CMS\Application\CMSApplication->execute()
#13 {main}
2019-03-26T11:12:05+00:00	CRITICAL ::1	error	Uncaught \Throwable of type JDatabaseExceptionExecuting thrown. Stack trace: #0 /Users/codeacious3/Sites/sellacious/libraries/joomla/database/driver.php(1695): JDatabaseDriverMysqli->execute()
#1 /Users/codeacious3/Sites/sellacious/libraries/sellacious/helper/product.php(2340): JDatabaseDriver->loadObjectList()
#2 /Users/codeacious3/Sites/sellacious/modules/mod_sellacious_specialcatsproducts/mod_sellacious_specialcatsproducts.php(60): SellaciousHelperProduct->getModProducts(Object(Joomla\Registry\Registry), 'specialcatsprod...')
#3 /Users/codeacious3/Sites/sellacious/libraries/src/Helper/ModuleHelper.php(200): include('/Users/codeacio...')
#4 /Users/codeacious3/Sites/sellacious/libraries/src/Document/Renderer/Html/ModuleRenderer.php(98): Joomla\CMS\Helper\ModuleHelper::renderModule(Object(stdClass), Array)
#5 /Users/codeacious3/Sites/sellacious/libraries/src/Document/Renderer/Html/ModulesRenderer.php(47): Joomla\CMS\Document\Renderer\Html\ModuleRenderer->render(Object(stdClass), Array, NULL)
#6 /Users/codeacious3/Sites/sellacious/libraries/src/Document/HtmlDocument.php(491): Joomla\CMS\Document\Renderer\Html\ModulesRenderer->render('position-3', Array, NULL)
#7 /Users/codeacious3/Sites/sellacious/libraries/src/Document/HtmlDocument.php(783): Joomla\CMS\Document\HtmlDocument->getBuffer('modules', 'position-3', Array)
#8 /Users/codeacious3/Sites/sellacious/libraries/src/Document/HtmlDocument.php(557): Joomla\CMS\Document\HtmlDocument->_renderTemplate()
#9 /Users/codeacious3/Sites/sellacious/libraries/src/Application/CMSApplication.php(1044): Joomla\CMS\Document\HtmlDocument->render(false, Array)
#10 /Users/codeacious3/Sites/sellacious/libraries/src/Application/SiteApplication.php(778): Joomla\CMS\Application\CMSApplication->render()
#11 /Users/codeacious3/Sites/sellacious/libraries/src/Application/CMSApplication.php(202): Joomla\CMS\Application\SiteApplication->render()
#12 /Users/codeacious3/Sites/sellacious/index.php(49): Joomla\CMS\Application\CMSApplication->execute()
#13 {main}
2019-03-26T11:12:06+00:00	CRITICAL ::1	error	Uncaught \Throwable of type JDatabaseExceptionExecuting thrown. Stack trace: #0 /Users/codeacious3/Sites/sellacious/libraries/joomla/database/driver.php(1695): JDatabaseDriverMysqli->execute()
#1 /Users/codeacious3/Sites/sellacious/libraries/sellacious/helper/product.php(2340): JDatabaseDriver->loadObjectList()
#2 /Users/codeacious3/Sites/sellacious/modules/mod_sellacious_specialcatsproducts/mod_sellacious_specialcatsproducts.php(60): SellaciousHelperProduct->getModProducts(Object(Joomla\Registry\Registry), 'specialcatsprod...')
#3 /Users/codeacious3/Sites/sellacious/libraries/src/Helper/ModuleHelper.php(200): include('/Users/codeacio...')
#4 /Users/codeacious3/Sites/sellacious/libraries/src/Document/Renderer/Html/ModuleRenderer.php(98): Joomla\CMS\Helper\ModuleHelper::renderModule(Object(stdClass), Array)
#5 /Users/codeacious3/Sites/sellacious/libraries/src/Document/Renderer/Html/ModulesRenderer.php(47): Joomla\CMS\Document\Renderer\Html\ModuleRenderer->render(Object(stdClass), Array, NULL)
#6 /Users/codeacious3/Sites/sellacious/libraries/src/Document/HtmlDocument.php(491): Joomla\CMS\Document\Renderer\Html\ModulesRenderer->render('position-3', Array, NULL)
#7 /Users/codeacious3/Sites/sellacious/libraries/src/Document/HtmlDocument.php(783): Joomla\CMS\Document\HtmlDocument->getBuffer('modules', 'position-3', Array)
#8 /Users/codeacious3/Sites/sellacious/libraries/src/Document/HtmlDocument.php(557): Joomla\CMS\Document\HtmlDocument->_renderTemplate()
#9 /Users/codeacious3/Sites/sellacious/libraries/src/Application/CMSApplication.php(1044): Joomla\CMS\Document\HtmlDocument->render(false, Array)
#10 /Users/codeacious3/Sites/sellacious/libraries/src/Application/SiteApplication.php(778): Joomla\CMS\Application\CMSApplication->render()
#11 /Users/codeacious3/Sites/sellacious/libraries/src/Application/CMSApplication.php(202): Joomla\CMS\Application\SiteApplication->render()
#12 /Users/codeacious3/Sites/sellacious/index.php(49): Joomla\CMS\Application\CMSApplication->execute()
#13 {main}
2019-03-26T11:12:55+00:00	CRITICAL ::1	error	Uncaught \Throwable of type JDatabaseExceptionExecuting thrown. Stack trace: #0 /Users/codeacious3/Sites/sellacious/libraries/joomla/database/driver.php(1695): JDatabaseDriverMysqli->execute()
#1 /Users/codeacious3/Sites/sellacious/libraries/sellacious/helper/product.php(2340): JDatabaseDriver->loadObjectList()
#2 /Users/codeacious3/Sites/sellacious/modules/mod_sellacious_specialcatsproducts/mod_sellacious_specialcatsproducts.php(60): SellaciousHelperProduct->getModProducts(Object(Joomla\Registry\Registry), 'specialcatsprod...')
#3 /Users/codeacious3/Sites/sellacious/libraries/src/Helper/ModuleHelper.php(200): include('/Users/codeacio...')
#4 /Users/codeacious3/Sites/sellacious/libraries/src/Document/Renderer/Html/ModuleRenderer.php(98): Joomla\CMS\Helper\ModuleHelper::renderModule(Object(stdClass), Array)
#5 /Users/codeacious3/Sites/sellacious/libraries/src/Document/Renderer/Html/ModulesRenderer.php(47): Joomla\CMS\Document\Renderer\Html\ModuleRenderer->render(Object(stdClass), Array, NULL)
#6 /Users/codeacious3/Sites/sellacious/libraries/src/Document/HtmlDocument.php(491): Joomla\CMS\Document\Renderer\Html\ModulesRenderer->render('position-3', Array, NULL)
#7 /Users/codeacious3/Sites/sellacious/libraries/src/Document/HtmlDocument.php(783): Joomla\CMS\Document\HtmlDocument->getBuffer('modules', 'position-3', Array)
#8 /Users/codeacious3/Sites/sellacious/libraries/src/Document/HtmlDocument.php(557): Joomla\CMS\Document\HtmlDocument->_renderTemplate()
#9 /Users/codeacious3/Sites/sellacious/libraries/src/Application/CMSApplication.php(1044): Joomla\CMS\Document\HtmlDocument->render(false, Array)
#10 /Users/codeacious3/Sites/sellacious/libraries/src/Application/SiteApplication.php(778): Joomla\CMS\Application\CMSApplication->render()
#11 /Users/codeacious3/Sites/sellacious/libraries/src/Application/CMSApplication.php(202): Joomla\CMS\Application\SiteApplication->render()
#12 /Users/codeacious3/Sites/sellacious/index.php(49): Joomla\CMS\Application\CMSApplication->execute()
#13 {main}
2019-03-26T11:12:56+00:00	CRITICAL ::1	error	Uncaught \Throwable of type JDatabaseExceptionExecuting thrown. Stack trace: #0 /Users/codeacious3/Sites/sellacious/libraries/joomla/database/driver.php(1695): JDatabaseDriverMysqli->execute()
#1 /Users/codeacious3/Sites/sellacious/libraries/sellacious/helper/product.php(2340): JDatabaseDriver->loadObjectList()
#2 /Users/codeacious3/Sites/sellacious/modules/mod_sellacious_specialcatsproducts/mod_sellacious_specialcatsproducts.php(60): SellaciousHelperProduct->getModProducts(Object(Joomla\Registry\Registry), 'specialcatsprod...')
#3 /Users/codeacious3/Sites/sellacious/libraries/src/Helper/ModuleHelper.php(200): include('/Users/codeacio...')
#4 /Users/codeacious3/Sites/sellacious/libraries/src/Document/Renderer/Html/ModuleRenderer.php(98): Joomla\CMS\Helper\ModuleHelper::renderModule(Object(stdClass), Array)
#5 /Users/codeacious3/Sites/sellacious/libraries/src/Document/Renderer/Html/ModulesRenderer.php(47): Joomla\CMS\Document\Renderer\Html\ModuleRenderer->render(Object(stdClass), Array, NULL)
#6 /Users/codeacious3/Sites/sellacious/libraries/src/Document/HtmlDocument.php(491): Joomla\CMS\Document\Renderer\Html\ModulesRenderer->render('position-3', Array, NULL)
#7 /Users/codeacious3/Sites/sellacious/libraries/src/Document/HtmlDocument.php(783): Joomla\CMS\Document\HtmlDocument->getBuffer('modules', 'position-3', Array)
#8 /Users/codeacious3/Sites/sellacious/libraries/src/Document/HtmlDocument.php(557): Joomla\CMS\Document\HtmlDocument->_renderTemplate()
#9 /Users/codeacious3/Sites/sellacious/libraries/src/Application/CMSApplication.php(1044): Joomla\CMS\Document\HtmlDocument->render(false, Array)
#10 /Users/codeacious3/Sites/sellacious/libraries/src/Application/SiteApplication.php(778): Joomla\CMS\Application\CMSApplication->render()
#11 /Users/codeacious3/Sites/sellacious/libraries/src/Application/CMSApplication.php(202): Joomla\CMS\Application\SiteApplication->render()
#12 /Users/codeacious3/Sites/sellacious/index.php(49): Joomla\CMS\Application\CMSApplication->execute()
#13 {main}
