#
#<?php die('Forbidden.'); ?>
#Date: 2019-05-28 04:34:09 UTC
#Software: Joomla Platform 13.1.0 Stable [ Curiosity ] 24-Apr-2013 00:00 GMT

#Fields: datetime	priority clientip	category	message
2019-05-28T04:34:09+00:00	WARNING ::1	jerror	Username and password do not match or you do not have an account yet.
2019-05-28T04:37:02+00:00	CRITICAL ::1	error	Uncaught \Throwable of type Joomla\CMS\Router\Exception\RouteNotFoundException thrown. Stack trace: #0 /Users/codeacious3/Sites/lab-jsmarketplace/components/com_sellacious/router.php(1415): SellaciousRouter->parseCategoriesSegments(Array, Array)
#1 /Users/codeacious3/Sites/lab-jsmarketplace/components/com_sellacious/router.php(410): SellaciousRouter->parseProductSegments(Array, Array)
#2 /Users/codeacious3/Sites/lab-jsmarketplace/libraries/src/Router/SiteRouter.php(437): SellaciousRouter->parse(Array)
#3 /Users/codeacious3/Sites/lab-jsmarketplace/libraries/src/Router/Router.php(482): Joomla\CMS\Router\SiteRouter->parseSefRoute(Object(Joomla\CMS\Uri\Uri))
#4 /Users/codeacious3/Sites/lab-jsmarketplace/libraries/src/Router/Router.php(227): Joomla\CMS\Router\Router->_parseSefRoute(Object(Joomla\CMS\Uri\Uri))
#5 /Users/codeacious3/Sites/lab-jsmarketplace/libraries/src/Router/SiteRouter.php(138): Joomla\CMS\Router\Router->parse(Object(Joomla\CMS\Uri\Uri))
#6 /Users/codeacious3/Sites/lab-jsmarketplace/libraries/src/Application/CMSApplication.php(1074): Joomla\CMS\Router\SiteRouter->parse(Object(Joomla\CMS\Uri\Uri))
#7 /Users/codeacious3/Sites/lab-jsmarketplace/libraries/src/Application/SiteApplication.php(796): Joomla\CMS\Application\CMSApplication->route()
#8 /Users/codeacious3/Sites/lab-jsmarketplace/libraries/src/Application/SiteApplication.php(218): Joomla\CMS\Application\SiteApplication->route()
#9 /Users/codeacious3/Sites/lab-jsmarketplace/libraries/src/Application/CMSApplication.php(196): Joomla\CMS\Application\SiteApplication->doExecute()
#10 /Users/codeacious3/Sites/lab-jsmarketplace/index.php(49): Joomla\CMS\Application\CMSApplication->execute()
#11 {main}
2019-05-28T04:37:03+00:00	CRITICAL ::1	error	Uncaught \Throwable of type Joomla\CMS\Router\Exception\RouteNotFoundException thrown. Stack trace: #0 /Users/codeacious3/Sites/lab-jsmarketplace/components/com_sellacious/router.php(1415): SellaciousRouter->parseCategoriesSegments(Array, Array)
#1 /Users/codeacious3/Sites/lab-jsmarketplace/components/com_sellacious/router.php(410): SellaciousRouter->parseProductSegments(Array, Array)
#2 /Users/codeacious3/Sites/lab-jsmarketplace/libraries/src/Router/SiteRouter.php(437): SellaciousRouter->parse(Array)
#3 /Users/codeacious3/Sites/lab-jsmarketplace/libraries/src/Router/Router.php(482): Joomla\CMS\Router\SiteRouter->parseSefRoute(Object(Joomla\CMS\Uri\Uri))
#4 /Users/codeacious3/Sites/lab-jsmarketplace/libraries/src/Router/Router.php(227): Joomla\CMS\Router\Router->_parseSefRoute(Object(Joomla\CMS\Uri\Uri))
#5 /Users/codeacious3/Sites/lab-jsmarketplace/libraries/src/Router/SiteRouter.php(138): Joomla\CMS\Router\Router->parse(Object(Joomla\CMS\Uri\Uri))
#6 /Users/codeacious3/Sites/lab-jsmarketplace/libraries/src/Application/CMSApplication.php(1074): Joomla\CMS\Router\SiteRouter->parse(Object(Joomla\CMS\Uri\Uri))
#7 /Users/codeacious3/Sites/lab-jsmarketplace/libraries/src/Application/SiteApplication.php(796): Joomla\CMS\Application\CMSApplication->route()
#8 /Users/codeacious3/Sites/lab-jsmarketplace/libraries/src/Application/SiteApplication.php(218): Joomla\CMS\Application\SiteApplication->route()
#9 /Users/codeacious3/Sites/lab-jsmarketplace/libraries/src/Application/CMSApplication.php(196): Joomla\CMS\Application\SiteApplication->doExecute()
#10 /Users/codeacious3/Sites/lab-jsmarketplace/index.php(49): Joomla\CMS\Application\CMSApplication->execute()
#11 {main}
2019-05-28T04:46:41+00:00	CRITICAL ::1	error	Uncaught \Throwable of type Joomla\CMS\Router\Exception\RouteNotFoundException thrown. Stack trace: #0 /Users/codeacious3/Sites/lab-jsmarketplace/components/com_sellacious/router.php(1415): SellaciousRouter->parseCategoriesSegments(Array, Array)
#1 /Users/codeacious3/Sites/lab-jsmarketplace/components/com_sellacious/router.php(410): SellaciousRouter->parseProductSegments(Array, Array)
#2 /Users/codeacious3/Sites/lab-jsmarketplace/libraries/src/Router/SiteRouter.php(437): SellaciousRouter->parse(Array)
#3 /Users/codeacious3/Sites/lab-jsmarketplace/libraries/src/Router/Router.php(482): Joomla\CMS\Router\SiteRouter->parseSefRoute(Object(Joomla\CMS\Uri\Uri))
#4 /Users/codeacious3/Sites/lab-jsmarketplace/libraries/src/Router/Router.php(227): Joomla\CMS\Router\Router->_parseSefRoute(Object(Joomla\CMS\Uri\Uri))
#5 /Users/codeacious3/Sites/lab-jsmarketplace/libraries/src/Router/SiteRouter.php(138): Joomla\CMS\Router\Router->parse(Object(Joomla\CMS\Uri\Uri))
#6 /Users/codeacious3/Sites/lab-jsmarketplace/libraries/src/Application/CMSApplication.php(1074): Joomla\CMS\Router\SiteRouter->parse(Object(Joomla\CMS\Uri\Uri))
#7 /Users/codeacious3/Sites/lab-jsmarketplace/libraries/src/Application/SiteApplication.php(796): Joomla\CMS\Application\CMSApplication->route()
#8 /Users/codeacious3/Sites/lab-jsmarketplace/libraries/src/Application/SiteApplication.php(218): Joomla\CMS\Application\SiteApplication->route()
#9 /Users/codeacious3/Sites/lab-jsmarketplace/libraries/src/Application/CMSApplication.php(196): Joomla\CMS\Application\SiteApplication->doExecute()
#10 /Users/codeacious3/Sites/lab-jsmarketplace/index.php(49): Joomla\CMS\Application\CMSApplication->execute()
#11 {main}
2019-05-28T04:46:51+00:00	CRITICAL ::1	error	Uncaught \Throwable of type Joomla\CMS\Router\Exception\RouteNotFoundException thrown. Stack trace: #0 /Users/codeacious3/Sites/lab-jsmarketplace/components/com_sellacious/router.php(1415): SellaciousRouter->parseCategoriesSegments(Array, Array)
#1 /Users/codeacious3/Sites/lab-jsmarketplace/components/com_sellacious/router.php(410): SellaciousRouter->parseProductSegments(Array, Array)
#2 /Users/codeacious3/Sites/lab-jsmarketplace/libraries/src/Router/SiteRouter.php(437): SellaciousRouter->parse(Array)
#3 /Users/codeacious3/Sites/lab-jsmarketplace/libraries/src/Router/Router.php(482): Joomla\CMS\Router\SiteRouter->parseSefRoute(Object(Joomla\CMS\Uri\Uri))
#4 /Users/codeacious3/Sites/lab-jsmarketplace/libraries/src/Router/Router.php(227): Joomla\CMS\Router\Router->_parseSefRoute(Object(Joomla\CMS\Uri\Uri))
#5 /Users/codeacious3/Sites/lab-jsmarketplace/libraries/src/Router/SiteRouter.php(138): Joomla\CMS\Router\Router->parse(Object(Joomla\CMS\Uri\Uri))
#6 /Users/codeacious3/Sites/lab-jsmarketplace/libraries/src/Application/CMSApplication.php(1074): Joomla\CMS\Router\SiteRouter->parse(Object(Joomla\CMS\Uri\Uri))
#7 /Users/codeacious3/Sites/lab-jsmarketplace/libraries/src/Application/SiteApplication.php(796): Joomla\CMS\Application\CMSApplication->route()
#8 /Users/codeacious3/Sites/lab-jsmarketplace/libraries/src/Application/SiteApplication.php(218): Joomla\CMS\Application\SiteApplication->route()
#9 /Users/codeacious3/Sites/lab-jsmarketplace/libraries/src/Application/CMSApplication.php(196): Joomla\CMS\Application\SiteApplication->doExecute()
#10 /Users/codeacious3/Sites/lab-jsmarketplace/index.php(49): Joomla\CMS\Application\CMSApplication->execute()
#11 {main}
2019-05-28T04:47:29+00:00	CRITICAL ::1	error	Uncaught \Throwable of type Joomla\CMS\Router\Exception\RouteNotFoundException thrown. Stack trace: #0 /Users/codeacious3/Sites/lab-jsmarketplace/components/com_sellacious/router.php(1415): SellaciousRouter->parseCategoriesSegments(Array, Array)
#1 /Users/codeacious3/Sites/lab-jsmarketplace/components/com_sellacious/router.php(410): SellaciousRouter->parseProductSegments(Array, Array)
#2 /Users/codeacious3/Sites/lab-jsmarketplace/libraries/src/Router/SiteRouter.php(437): SellaciousRouter->parse(Array)
#3 /Users/codeacious3/Sites/lab-jsmarketplace/libraries/src/Router/Router.php(482): Joomla\CMS\Router\SiteRouter->parseSefRoute(Object(Joomla\CMS\Uri\Uri))
#4 /Users/codeacious3/Sites/lab-jsmarketplace/libraries/src/Router/Router.php(227): Joomla\CMS\Router\Router->_parseSefRoute(Object(Joomla\CMS\Uri\Uri))
#5 /Users/codeacious3/Sites/lab-jsmarketplace/libraries/src/Router/SiteRouter.php(138): Joomla\CMS\Router\Router->parse(Object(Joomla\CMS\Uri\Uri))
#6 /Users/codeacious3/Sites/lab-jsmarketplace/libraries/src/Application/CMSApplication.php(1074): Joomla\CMS\Router\SiteRouter->parse(Object(Joomla\CMS\Uri\Uri))
#7 /Users/codeacious3/Sites/lab-jsmarketplace/libraries/src/Application/SiteApplication.php(796): Joomla\CMS\Application\CMSApplication->route()
#8 /Users/codeacious3/Sites/lab-jsmarketplace/libraries/src/Application/SiteApplication.php(218): Joomla\CMS\Application\SiteApplication->route()
#9 /Users/codeacious3/Sites/lab-jsmarketplace/libraries/src/Application/CMSApplication.php(196): Joomla\CMS\Application\SiteApplication->doExecute()
#10 /Users/codeacious3/Sites/lab-jsmarketplace/index.php(49): Joomla\CMS\Application\CMSApplication->execute()
#11 {main}
2019-05-28T04:47:56+00:00	CRITICAL ::1	error	Uncaught \Throwable of type Joomla\CMS\Router\Exception\RouteNotFoundException thrown. Stack trace: #0 /Users/codeacious3/Sites/lab-jsmarketplace/components/com_sellacious/router.php(1415): SellaciousRouter->parseCategoriesSegments(Array, Array)
#1 /Users/codeacious3/Sites/lab-jsmarketplace/components/com_sellacious/router.php(410): SellaciousRouter->parseProductSegments(Array, Array)
#2 /Users/codeacious3/Sites/lab-jsmarketplace/libraries/src/Router/SiteRouter.php(437): SellaciousRouter->parse(Array)
#3 /Users/codeacious3/Sites/lab-jsmarketplace/libraries/src/Router/Router.php(482): Joomla\CMS\Router\SiteRouter->parseSefRoute(Object(Joomla\CMS\Uri\Uri))
#4 /Users/codeacious3/Sites/lab-jsmarketplace/libraries/src/Router/Router.php(227): Joomla\CMS\Router\Router->_parseSefRoute(Object(Joomla\CMS\Uri\Uri))
#5 /Users/codeacious3/Sites/lab-jsmarketplace/libraries/src/Router/SiteRouter.php(138): Joomla\CMS\Router\Router->parse(Object(Joomla\CMS\Uri\Uri))
#6 /Users/codeacious3/Sites/lab-jsmarketplace/libraries/src/Application/CMSApplication.php(1074): Joomla\CMS\Router\SiteRouter->parse(Object(Joomla\CMS\Uri\Uri))
#7 /Users/codeacious3/Sites/lab-jsmarketplace/libraries/src/Application/SiteApplication.php(796): Joomla\CMS\Application\CMSApplication->route()
#8 /Users/codeacious3/Sites/lab-jsmarketplace/libraries/src/Application/SiteApplication.php(218): Joomla\CMS\Application\SiteApplication->route()
#9 /Users/codeacious3/Sites/lab-jsmarketplace/libraries/src/Application/CMSApplication.php(196): Joomla\CMS\Application\SiteApplication->doExecute()
#10 /Users/codeacious3/Sites/lab-jsmarketplace/index.php(49): Joomla\CMS\Application\CMSApplication->execute()
#11 {main}
2019-05-28T05:00:50+00:00	CRITICAL ::1	error	Uncaught \Throwable of type JException thrown. Stack trace: #0 /Users/codeacious3/Sites/lab-jsmarketplace/libraries/legacy/error/error.php(277): JError::raise(1, 404, 'Page Not Found', NULL, true)
#1 /Users/codeacious3/Sites/lab-jsmarketplace/components/com_sppagebuilder/models/page.php(85): JError::raiseError(404, 'Page Not Found')
#2 /Users/codeacious3/Sites/lab-jsmarketplace/libraries/src/MVC/View/HtmlView.php(425): SppagebuilderModelPage->getItem()
#3 /Users/codeacious3/Sites/lab-jsmarketplace/components/com_sppagebuilder/views/page/view.html.php(24): Joomla\CMS\MVC\View\HtmlView->get('Item')
#4 /Users/codeacious3/Sites/lab-jsmarketplace/libraries/src/MVC/Controller/BaseController.php(672): SppagebuilderViewPage->display()
#5 /Users/codeacious3/Sites/lab-jsmarketplace/components/com_sppagebuilder/controller.php(39): Joomla\CMS\MVC\Controller\BaseController->display(false)
#6 /Users/codeacious3/Sites/lab-jsmarketplace/libraries/src/MVC/Controller/BaseController.php(710): SppagebuilderController->display()
#7 /Users/codeacious3/Sites/lab-jsmarketplace/components/com_sppagebuilder/sppagebuilder.php(26): Joomla\CMS\MVC\Controller\BaseController->execute('')
#8 /Users/codeacious3/Sites/lab-jsmarketplace/libraries/src/Component/ComponentHelper.php(402): require_once('/Users/codeacio...')
#9 /Users/codeacious3/Sites/lab-jsmarketplace/libraries/src/Component/ComponentHelper.php(377): Joomla\CMS\Component\ComponentHelper::executeComponent('/Users/codeacio...')
#10 /Users/codeacious3/Sites/lab-jsmarketplace/libraries/src/Application/SiteApplication.php(194): Joomla\CMS\Component\ComponentHelper::renderComponent('com_sppagebuild...')
#11 /Users/codeacious3/Sites/lab-jsmarketplace/libraries/src/Application/SiteApplication.php(233): Joomla\CMS\Application\SiteApplication->dispatch()
#12 /Users/codeacious3/Sites/lab-jsmarketplace/libraries/src/Application/CMSApplication.php(196): Joomla\CMS\Application\SiteApplication->doExecute()
#13 /Users/codeacious3/Sites/lab-jsmarketplace/index.php(49): Joomla\CMS\Application\CMSApplication->execute()
#14 {main}
2019-05-28T05:03:12+00:00	CRITICAL ::1	error	Uncaught \Throwable of type Joomla\CMS\Router\Exception\RouteNotFoundException thrown. Stack trace: #0 /Users/codeacious3/Sites/lab-jsmarketplace/components/com_sellacious/router.php(1415): SellaciousRouter->parseCategoriesSegments(Array, Array)
#1 /Users/codeacious3/Sites/lab-jsmarketplace/components/com_sellacious/router.php(410): SellaciousRouter->parseProductSegments(Array, Array)
#2 /Users/codeacious3/Sites/lab-jsmarketplace/libraries/src/Router/SiteRouter.php(437): SellaciousRouter->parse(Array)
#3 /Users/codeacious3/Sites/lab-jsmarketplace/libraries/src/Router/Router.php(482): Joomla\CMS\Router\SiteRouter->parseSefRoute(Object(Joomla\CMS\Uri\Uri))
#4 /Users/codeacious3/Sites/lab-jsmarketplace/libraries/src/Router/Router.php(227): Joomla\CMS\Router\Router->_parseSefRoute(Object(Joomla\CMS\Uri\Uri))
#5 /Users/codeacious3/Sites/lab-jsmarketplace/libraries/src/Router/SiteRouter.php(138): Joomla\CMS\Router\Router->parse(Object(Joomla\CMS\Uri\Uri))
#6 /Users/codeacious3/Sites/lab-jsmarketplace/libraries/src/Application/CMSApplication.php(1074): Joomla\CMS\Router\SiteRouter->parse(Object(Joomla\CMS\Uri\Uri))
#7 /Users/codeacious3/Sites/lab-jsmarketplace/libraries/src/Application/SiteApplication.php(796): Joomla\CMS\Application\CMSApplication->route()
#8 /Users/codeacious3/Sites/lab-jsmarketplace/libraries/src/Application/SiteApplication.php(218): Joomla\CMS\Application\SiteApplication->route()
#9 /Users/codeacious3/Sites/lab-jsmarketplace/libraries/src/Application/CMSApplication.php(196): Joomla\CMS\Application\SiteApplication->doExecute()
#10 /Users/codeacious3/Sites/lab-jsmarketplace/index.php(49): Joomla\CMS\Application\CMSApplication->execute()
#11 {main}
2019-05-28T05:05:35+00:00	CRITICAL ::1	error	Uncaught \Throwable of type Joomla\CMS\Router\Exception\RouteNotFoundException thrown. Stack trace: #0 /Users/codeacious3/Sites/lab-jsmarketplace/components/com_sellacious/router.php(1415): SellaciousRouter->parseCategoriesSegments(Array, Array)
#1 /Users/codeacious3/Sites/lab-jsmarketplace/components/com_sellacious/router.php(410): SellaciousRouter->parseProductSegments(Array, Array)
#2 /Users/codeacious3/Sites/lab-jsmarketplace/libraries/src/Router/SiteRouter.php(437): SellaciousRouter->parse(Array)
#3 /Users/codeacious3/Sites/lab-jsmarketplace/libraries/src/Router/Router.php(482): Joomla\CMS\Router\SiteRouter->parseSefRoute(Object(Joomla\CMS\Uri\Uri))
#4 /Users/codeacious3/Sites/lab-jsmarketplace/libraries/src/Router/Router.php(227): Joomla\CMS\Router\Router->_parseSefRoute(Object(Joomla\CMS\Uri\Uri))
#5 /Users/codeacious3/Sites/lab-jsmarketplace/libraries/src/Router/SiteRouter.php(138): Joomla\CMS\Router\Router->parse(Object(Joomla\CMS\Uri\Uri))
#6 /Users/codeacious3/Sites/lab-jsmarketplace/libraries/src/Application/CMSApplication.php(1074): Joomla\CMS\Router\SiteRouter->parse(Object(Joomla\CMS\Uri\Uri))
#7 /Users/codeacious3/Sites/lab-jsmarketplace/libraries/src/Application/SiteApplication.php(796): Joomla\CMS\Application\CMSApplication->route()
#8 /Users/codeacious3/Sites/lab-jsmarketplace/libraries/src/Application/SiteApplication.php(218): Joomla\CMS\Application\SiteApplication->route()
#9 /Users/codeacious3/Sites/lab-jsmarketplace/libraries/src/Application/CMSApplication.php(196): Joomla\CMS\Application\SiteApplication->doExecute()
#10 /Users/codeacious3/Sites/lab-jsmarketplace/index.php(49): Joomla\CMS\Application\CMSApplication->execute()
#11 {main}
2019-05-28T05:08:09+00:00	CRITICAL ::1	error	Uncaught \Throwable of type Joomla\CMS\Router\Exception\RouteNotFoundException thrown. Stack trace: #0 /Users/codeacious3/Sites/lab-jsmarketplace/components/com_sellacious/router.php(1415): SellaciousRouter->parseCategoriesSegments(Array, Array)
#1 /Users/codeacious3/Sites/lab-jsmarketplace/components/com_sellacious/router.php(410): SellaciousRouter->parseProductSegments(Array, Array)
#2 /Users/codeacious3/Sites/lab-jsmarketplace/libraries/src/Router/SiteRouter.php(437): SellaciousRouter->parse(Array)
#3 /Users/codeacious3/Sites/lab-jsmarketplace/libraries/src/Router/Router.php(482): Joomla\CMS\Router\SiteRouter->parseSefRoute(Object(Joomla\CMS\Uri\Uri))
#4 /Users/codeacious3/Sites/lab-jsmarketplace/libraries/src/Router/Router.php(227): Joomla\CMS\Router\Router->_parseSefRoute(Object(Joomla\CMS\Uri\Uri))
#5 /Users/codeacious3/Sites/lab-jsmarketplace/libraries/src/Router/SiteRouter.php(138): Joomla\CMS\Router\Router->parse(Object(Joomla\CMS\Uri\Uri))
#6 /Users/codeacious3/Sites/lab-jsmarketplace/libraries/src/Application/CMSApplication.php(1074): Joomla\CMS\Router\SiteRouter->parse(Object(Joomla\CMS\Uri\Uri))
#7 /Users/codeacious3/Sites/lab-jsmarketplace/libraries/src/Application/SiteApplication.php(796): Joomla\CMS\Application\CMSApplication->route()
#8 /Users/codeacious3/Sites/lab-jsmarketplace/libraries/src/Application/SiteApplication.php(218): Joomla\CMS\Application\SiteApplication->route()
#9 /Users/codeacious3/Sites/lab-jsmarketplace/libraries/src/Application/CMSApplication.php(196): Joomla\CMS\Application\SiteApplication->doExecute()
#10 /Users/codeacious3/Sites/lab-jsmarketplace/index.php(49): Joomla\CMS\Application\CMSApplication->execute()
#11 {main}
2019-05-28T05:08:33+00:00	CRITICAL ::1	error	Uncaught \Throwable of type Joomla\CMS\Router\Exception\RouteNotFoundException thrown. Stack trace: #0 /Users/codeacious3/Sites/lab-jsmarketplace/components/com_sellacious/router.php(1415): SellaciousRouter->parseCategoriesSegments(Array, Array)
#1 /Users/codeacious3/Sites/lab-jsmarketplace/components/com_sellacious/router.php(410): SellaciousRouter->parseProductSegments(Array, Array)
#2 /Users/codeacious3/Sites/lab-jsmarketplace/libraries/src/Router/SiteRouter.php(437): SellaciousRouter->parse(Array)
#3 /Users/codeacious3/Sites/lab-jsmarketplace/libraries/src/Router/Router.php(482): Joomla\CMS\Router\SiteRouter->parseSefRoute(Object(Joomla\CMS\Uri\Uri))
#4 /Users/codeacious3/Sites/lab-jsmarketplace/libraries/src/Router/Router.php(227): Joomla\CMS\Router\Router->_parseSefRoute(Object(Joomla\CMS\Uri\Uri))
#5 /Users/codeacious3/Sites/lab-jsmarketplace/libraries/src/Router/SiteRouter.php(138): Joomla\CMS\Router\Router->parse(Object(Joomla\CMS\Uri\Uri))
#6 /Users/codeacious3/Sites/lab-jsmarketplace/libraries/src/Application/CMSApplication.php(1074): Joomla\CMS\Router\SiteRouter->parse(Object(Joomla\CMS\Uri\Uri))
#7 /Users/codeacious3/Sites/lab-jsmarketplace/libraries/src/Application/SiteApplication.php(796): Joomla\CMS\Application\CMSApplication->route()
#8 /Users/codeacious3/Sites/lab-jsmarketplace/libraries/src/Application/SiteApplication.php(218): Joomla\CMS\Application\SiteApplication->route()
#9 /Users/codeacious3/Sites/lab-jsmarketplace/libraries/src/Application/CMSApplication.php(196): Joomla\CMS\Application\SiteApplication->doExecute()
#10 /Users/codeacious3/Sites/lab-jsmarketplace/index.php(49): Joomla\CMS\Application\CMSApplication->execute()
#11 {main}
2019-05-28T05:17:13+00:00	CRITICAL ::1	error	Uncaught \Throwable of type Joomla\CMS\Router\Exception\RouteNotFoundException thrown. Stack trace: #0 /Users/codeacious3/Sites/lab-jsmarketplace/components/com_sellacious/router.php(1415): SellaciousRouter->parseCategoriesSegments(Array, Array)
#1 /Users/codeacious3/Sites/lab-jsmarketplace/components/com_sellacious/router.php(410): SellaciousRouter->parseProductSegments(Array, Array)
#2 /Users/codeacious3/Sites/lab-jsmarketplace/libraries/src/Router/SiteRouter.php(437): SellaciousRouter->parse(Array)
#3 /Users/codeacious3/Sites/lab-jsmarketplace/libraries/src/Router/Router.php(482): Joomla\CMS\Router\SiteRouter->parseSefRoute(Object(Joomla\CMS\Uri\Uri))
#4 /Users/codeacious3/Sites/lab-jsmarketplace/libraries/src/Router/Router.php(227): Joomla\CMS\Router\Router->_parseSefRoute(Object(Joomla\CMS\Uri\Uri))
#5 /Users/codeacious3/Sites/lab-jsmarketplace/libraries/src/Router/SiteRouter.php(138): Joomla\CMS\Router\Router->parse(Object(Joomla\CMS\Uri\Uri))
#6 /Users/codeacious3/Sites/lab-jsmarketplace/libraries/src/Application/CMSApplication.php(1074): Joomla\CMS\Router\SiteRouter->parse(Object(Joomla\CMS\Uri\Uri))
#7 /Users/codeacious3/Sites/lab-jsmarketplace/libraries/src/Application/SiteApplication.php(796): Joomla\CMS\Application\CMSApplication->route()
#8 /Users/codeacious3/Sites/lab-jsmarketplace/libraries/src/Application/SiteApplication.php(218): Joomla\CMS\Application\SiteApplication->route()
#9 /Users/codeacious3/Sites/lab-jsmarketplace/libraries/src/Application/CMSApplication.php(196): Joomla\CMS\Application\SiteApplication->doExecute()
#10 /Users/codeacious3/Sites/lab-jsmarketplace/index.php(49): Joomla\CMS\Application\CMSApplication->execute()
#11 {main}
2019-05-28T05:17:14+00:00	CRITICAL ::1	error	Uncaught \Throwable of type Joomla\CMS\Router\Exception\RouteNotFoundException thrown. Stack trace: #0 /Users/codeacious3/Sites/lab-jsmarketplace/components/com_sellacious/router.php(1415): SellaciousRouter->parseCategoriesSegments(Array, Array)
#1 /Users/codeacious3/Sites/lab-jsmarketplace/components/com_sellacious/router.php(410): SellaciousRouter->parseProductSegments(Array, Array)
#2 /Users/codeacious3/Sites/lab-jsmarketplace/libraries/src/Router/SiteRouter.php(437): SellaciousRouter->parse(Array)
#3 /Users/codeacious3/Sites/lab-jsmarketplace/libraries/src/Router/Router.php(482): Joomla\CMS\Router\SiteRouter->parseSefRoute(Object(Joomla\CMS\Uri\Uri))
#4 /Users/codeacious3/Sites/lab-jsmarketplace/libraries/src/Router/Router.php(227): Joomla\CMS\Router\Router->_parseSefRoute(Object(Joomla\CMS\Uri\Uri))
#5 /Users/codeacious3/Sites/lab-jsmarketplace/libraries/src/Router/SiteRouter.php(138): Joomla\CMS\Router\Router->parse(Object(Joomla\CMS\Uri\Uri))
#6 /Users/codeacious3/Sites/lab-jsmarketplace/libraries/src/Application/CMSApplication.php(1074): Joomla\CMS\Router\SiteRouter->parse(Object(Joomla\CMS\Uri\Uri))
#7 /Users/codeacious3/Sites/lab-jsmarketplace/libraries/src/Application/SiteApplication.php(796): Joomla\CMS\Application\CMSApplication->route()
#8 /Users/codeacious3/Sites/lab-jsmarketplace/libraries/src/Application/SiteApplication.php(218): Joomla\CMS\Application\SiteApplication->route()
#9 /Users/codeacious3/Sites/lab-jsmarketplace/libraries/src/Application/CMSApplication.php(196): Joomla\CMS\Application\SiteApplication->doExecute()
#10 /Users/codeacious3/Sites/lab-jsmarketplace/index.php(49): Joomla\CMS\Application\CMSApplication->execute()
#11 {main}
2019-05-28T05:23:15+00:00	CRITICAL ::1	error	Uncaught \Throwable of type Joomla\CMS\Router\Exception\RouteNotFoundException thrown. Stack trace: #0 /Users/codeacious3/Sites/lab-jsmarketplace/components/com_sellacious/router.php(1415): SellaciousRouter->parseCategoriesSegments(Array, Array)
#1 /Users/codeacious3/Sites/lab-jsmarketplace/components/com_sellacious/router.php(410): SellaciousRouter->parseProductSegments(Array, Array)
#2 /Users/codeacious3/Sites/lab-jsmarketplace/libraries/src/Router/SiteRouter.php(437): SellaciousRouter->parse(Array)
#3 /Users/codeacious3/Sites/lab-jsmarketplace/libraries/src/Router/Router.php(482): Joomla\CMS\Router\SiteRouter->parseSefRoute(Object(Joomla\CMS\Uri\Uri))
#4 /Users/codeacious3/Sites/lab-jsmarketplace/libraries/src/Router/Router.php(227): Joomla\CMS\Router\Router->_parseSefRoute(Object(Joomla\CMS\Uri\Uri))
#5 /Users/codeacious3/Sites/lab-jsmarketplace/libraries/src/Router/SiteRouter.php(138): Joomla\CMS\Router\Router->parse(Object(Joomla\CMS\Uri\Uri))
#6 /Users/codeacious3/Sites/lab-jsmarketplace/libraries/src/Application/CMSApplication.php(1074): Joomla\CMS\Router\SiteRouter->parse(Object(Joomla\CMS\Uri\Uri))
#7 /Users/codeacious3/Sites/lab-jsmarketplace/libraries/src/Application/SiteApplication.php(796): Joomla\CMS\Application\CMSApplication->route()
#8 /Users/codeacious3/Sites/lab-jsmarketplace/libraries/src/Application/SiteApplication.php(218): Joomla\CMS\Application\SiteApplication->route()
#9 /Users/codeacious3/Sites/lab-jsmarketplace/libraries/src/Application/CMSApplication.php(196): Joomla\CMS\Application\SiteApplication->doExecute()
#10 /Users/codeacious3/Sites/lab-jsmarketplace/index.php(49): Joomla\CMS\Application\CMSApplication->execute()
#11 {main}
2019-05-28T05:27:29+00:00	CRITICAL ::1	error	Uncaught \Throwable of type Joomla\CMS\Router\Exception\RouteNotFoundException thrown. Stack trace: #0 /Users/codeacious3/Sites/lab-jsmarketplace/components/com_sellacious/router.php(1415): SellaciousRouter->parseCategoriesSegments(Array, Array)
#1 /Users/codeacious3/Sites/lab-jsmarketplace/components/com_sellacious/router.php(410): SellaciousRouter->parseProductSegments(Array, Array)
#2 /Users/codeacious3/Sites/lab-jsmarketplace/libraries/src/Router/SiteRouter.php(437): SellaciousRouter->parse(Array)
#3 /Users/codeacious3/Sites/lab-jsmarketplace/libraries/src/Router/Router.php(482): Joomla\CMS\Router\SiteRouter->parseSefRoute(Object(Joomla\CMS\Uri\Uri))
#4 /Users/codeacious3/Sites/lab-jsmarketplace/libraries/src/Router/Router.php(227): Joomla\CMS\Router\Router->_parseSefRoute(Object(Joomla\CMS\Uri\Uri))
#5 /Users/codeacious3/Sites/lab-jsmarketplace/libraries/src/Router/SiteRouter.php(138): Joomla\CMS\Router\Router->parse(Object(Joomla\CMS\Uri\Uri))
#6 /Users/codeacious3/Sites/lab-jsmarketplace/libraries/src/Application/CMSApplication.php(1074): Joomla\CMS\Router\SiteRouter->parse(Object(Joomla\CMS\Uri\Uri))
#7 /Users/codeacious3/Sites/lab-jsmarketplace/libraries/src/Application/SiteApplication.php(796): Joomla\CMS\Application\CMSApplication->route()
#8 /Users/codeacious3/Sites/lab-jsmarketplace/libraries/src/Application/SiteApplication.php(218): Joomla\CMS\Application\SiteApplication->route()
#9 /Users/codeacious3/Sites/lab-jsmarketplace/libraries/src/Application/CMSApplication.php(196): Joomla\CMS\Application\SiteApplication->doExecute()
#10 /Users/codeacious3/Sites/lab-jsmarketplace/index.php(49): Joomla\CMS\Application\CMSApplication->execute()
#11 {main}
2019-05-28T05:35:02+00:00	CRITICAL ::1	error	Uncaught \Throwable of type Joomla\CMS\Router\Exception\RouteNotFoundException thrown. Stack trace: #0 /Users/codeacious3/Sites/lab-jsmarketplace/components/com_sellacious/router.php(1415): SellaciousRouter->parseCategoriesSegments(Array, Array)
#1 /Users/codeacious3/Sites/lab-jsmarketplace/components/com_sellacious/router.php(410): SellaciousRouter->parseProductSegments(Array, Array)
#2 /Users/codeacious3/Sites/lab-jsmarketplace/libraries/src/Router/SiteRouter.php(437): SellaciousRouter->parse(Array)
#3 /Users/codeacious3/Sites/lab-jsmarketplace/libraries/src/Router/Router.php(482): Joomla\CMS\Router\SiteRouter->parseSefRoute(Object(Joomla\CMS\Uri\Uri))
#4 /Users/codeacious3/Sites/lab-jsmarketplace/libraries/src/Router/Router.php(227): Joomla\CMS\Router\Router->_parseSefRoute(Object(Joomla\CMS\Uri\Uri))
#5 /Users/codeacious3/Sites/lab-jsmarketplace/libraries/src/Router/SiteRouter.php(138): Joomla\CMS\Router\Router->parse(Object(Joomla\CMS\Uri\Uri))
#6 /Users/codeacious3/Sites/lab-jsmarketplace/libraries/src/Application/CMSApplication.php(1074): Joomla\CMS\Router\SiteRouter->parse(Object(Joomla\CMS\Uri\Uri))
#7 /Users/codeacious3/Sites/lab-jsmarketplace/libraries/src/Application/SiteApplication.php(796): Joomla\CMS\Application\CMSApplication->route()
#8 /Users/codeacious3/Sites/lab-jsmarketplace/libraries/src/Application/SiteApplication.php(218): Joomla\CMS\Application\SiteApplication->route()
#9 /Users/codeacious3/Sites/lab-jsmarketplace/libraries/src/Application/CMSApplication.php(196): Joomla\CMS\Application\SiteApplication->doExecute()
#10 /Users/codeacious3/Sites/lab-jsmarketplace/index.php(49): Joomla\CMS\Application\CMSApplication->execute()
#11 {main}
2019-05-28T05:35:32+00:00	CRITICAL ::1	error	Uncaught \Throwable of type Joomla\CMS\Router\Exception\RouteNotFoundException thrown. Stack trace: #0 /Users/codeacious3/Sites/lab-jsmarketplace/components/com_sellacious/router.php(1415): SellaciousRouter->parseCategoriesSegments(Array, Array)
#1 /Users/codeacious3/Sites/lab-jsmarketplace/components/com_sellacious/router.php(410): SellaciousRouter->parseProductSegments(Array, Array)
#2 /Users/codeacious3/Sites/lab-jsmarketplace/libraries/src/Router/SiteRouter.php(437): SellaciousRouter->parse(Array)
#3 /Users/codeacious3/Sites/lab-jsmarketplace/libraries/src/Router/Router.php(482): Joomla\CMS\Router\SiteRouter->parseSefRoute(Object(Joomla\CMS\Uri\Uri))
#4 /Users/codeacious3/Sites/lab-jsmarketplace/libraries/src/Router/Router.php(227): Joomla\CMS\Router\Router->_parseSefRoute(Object(Joomla\CMS\Uri\Uri))
#5 /Users/codeacious3/Sites/lab-jsmarketplace/libraries/src/Router/SiteRouter.php(138): Joomla\CMS\Router\Router->parse(Object(Joomla\CMS\Uri\Uri))
#6 /Users/codeacious3/Sites/lab-jsmarketplace/libraries/src/Application/CMSApplication.php(1074): Joomla\CMS\Router\SiteRouter->parse(Object(Joomla\CMS\Uri\Uri))
#7 /Users/codeacious3/Sites/lab-jsmarketplace/libraries/src/Application/SiteApplication.php(796): Joomla\CMS\Application\CMSApplication->route()
#8 /Users/codeacious3/Sites/lab-jsmarketplace/libraries/src/Application/SiteApplication.php(218): Joomla\CMS\Application\SiteApplication->route()
#9 /Users/codeacious3/Sites/lab-jsmarketplace/libraries/src/Application/CMSApplication.php(196): Joomla\CMS\Application\SiteApplication->doExecute()
#10 /Users/codeacious3/Sites/lab-jsmarketplace/index.php(49): Joomla\CMS\Application\CMSApplication->execute()
#11 {main}
2019-05-28T06:04:15+00:00	WARNING ::1	jerror	There was no store selected or the selected store was not found. Showing products from all stores.
2019-05-28T06:06:00+00:00	WARNING ::1	jerror	There was no store selected or the selected store was not found. Showing products from all stores.
2019-05-28T06:09:12+00:00	WARNING ::1	jerror	There was no store selected or the selected store was not found. Showing products from all stores.
2019-05-28T06:09:44+00:00	CRITICAL ::1	error	Uncaught \Throwable of type Joomla\CMS\Router\Exception\RouteNotFoundException thrown. Stack trace: #0 /Users/codeacious3/Sites/lab-jsmarketplace/components/com_sellacious/router.php(1415): SellaciousRouter->parseCategoriesSegments(Array, Array)
#1 /Users/codeacious3/Sites/lab-jsmarketplace/components/com_sellacious/router.php(410): SellaciousRouter->parseProductSegments(Array, Array)
#2 /Users/codeacious3/Sites/lab-jsmarketplace/libraries/src/Router/SiteRouter.php(437): SellaciousRouter->parse(Array)
#3 /Users/codeacious3/Sites/lab-jsmarketplace/libraries/src/Router/Router.php(482): Joomla\CMS\Router\SiteRouter->parseSefRoute(Object(Joomla\CMS\Uri\Uri))
#4 /Users/codeacious3/Sites/lab-jsmarketplace/libraries/src/Router/Router.php(227): Joomla\CMS\Router\Router->_parseSefRoute(Object(Joomla\CMS\Uri\Uri))
#5 /Users/codeacious3/Sites/lab-jsmarketplace/libraries/src/Router/SiteRouter.php(138): Joomla\CMS\Router\Router->parse(Object(Joomla\CMS\Uri\Uri))
#6 /Users/codeacious3/Sites/lab-jsmarketplace/libraries/src/Application/CMSApplication.php(1074): Joomla\CMS\Router\SiteRouter->parse(Object(Joomla\CMS\Uri\Uri))
#7 /Users/codeacious3/Sites/lab-jsmarketplace/libraries/src/Application/SiteApplication.php(796): Joomla\CMS\Application\CMSApplication->route()
#8 /Users/codeacious3/Sites/lab-jsmarketplace/libraries/src/Application/SiteApplication.php(218): Joomla\CMS\Application\SiteApplication->route()
#9 /Users/codeacious3/Sites/lab-jsmarketplace/libraries/src/Application/CMSApplication.php(196): Joomla\CMS\Application\SiteApplication->doExecute()
#10 /Users/codeacious3/Sites/lab-jsmarketplace/index.php(49): Joomla\CMS\Application\CMSApplication->execute()
#11 {main}
2019-05-28T06:09:52+00:00	CRITICAL ::1	error	Uncaught \Throwable of type Joomla\CMS\Router\Exception\RouteNotFoundException thrown. Stack trace: #0 /Users/codeacious3/Sites/lab-jsmarketplace/components/com_sellacious/router.php(1415): SellaciousRouter->parseCategoriesSegments(Array, Array)
#1 /Users/codeacious3/Sites/lab-jsmarketplace/components/com_sellacious/router.php(410): SellaciousRouter->parseProductSegments(Array, Array)
#2 /Users/codeacious3/Sites/lab-jsmarketplace/libraries/src/Router/SiteRouter.php(437): SellaciousRouter->parse(Array)
#3 /Users/codeacious3/Sites/lab-jsmarketplace/libraries/src/Router/Router.php(482): Joomla\CMS\Router\SiteRouter->parseSefRoute(Object(Joomla\CMS\Uri\Uri))
#4 /Users/codeacious3/Sites/lab-jsmarketplace/libraries/src/Router/Router.php(227): Joomla\CMS\Router\Router->_parseSefRoute(Object(Joomla\CMS\Uri\Uri))
#5 /Users/codeacious3/Sites/lab-jsmarketplace/libraries/src/Router/SiteRouter.php(138): Joomla\CMS\Router\Router->parse(Object(Joomla\CMS\Uri\Uri))
#6 /Users/codeacious3/Sites/lab-jsmarketplace/libraries/src/Application/CMSApplication.php(1074): Joomla\CMS\Router\SiteRouter->parse(Object(Joomla\CMS\Uri\Uri))
#7 /Users/codeacious3/Sites/lab-jsmarketplace/libraries/src/Application/SiteApplication.php(796): Joomla\CMS\Application\CMSApplication->route()
#8 /Users/codeacious3/Sites/lab-jsmarketplace/libraries/src/Application/SiteApplication.php(218): Joomla\CMS\Application\SiteApplication->route()
#9 /Users/codeacious3/Sites/lab-jsmarketplace/libraries/src/Application/CMSApplication.php(196): Joomla\CMS\Application\SiteApplication->doExecute()
#10 /Users/codeacious3/Sites/lab-jsmarketplace/index.php(49): Joomla\CMS\Application\CMSApplication->execute()
#11 {main}
2019-05-28T06:13:21+00:00	WARNING ::1	jerror	There was no store selected or the selected store was not found. Showing products from all stores.
2019-05-28T06:14:25+00:00	CRITICAL ::1	error	Uncaught \Throwable of type JException thrown. Stack trace: #0 /Users/codeacious3/Sites/lab-jsmarketplace/libraries/legacy/error/error.php(277): JError::raise(1, 404, 'Page Not Found', NULL, true)
#1 /Users/codeacious3/Sites/lab-jsmarketplace/components/com_sppagebuilder/models/page.php(85): JError::raiseError(404, 'Page Not Found')
#2 /Users/codeacious3/Sites/lab-jsmarketplace/libraries/src/MVC/View/HtmlView.php(425): SppagebuilderModelPage->getItem()
#3 /Users/codeacious3/Sites/lab-jsmarketplace/components/com_sppagebuilder/views/page/view.html.php(24): Joomla\CMS\MVC\View\HtmlView->get('Item')
#4 /Users/codeacious3/Sites/lab-jsmarketplace/libraries/src/MVC/Controller/BaseController.php(672): SppagebuilderViewPage->display()
#5 /Users/codeacious3/Sites/lab-jsmarketplace/components/com_sppagebuilder/controller.php(39): Joomla\CMS\MVC\Controller\BaseController->display(false)
#6 /Users/codeacious3/Sites/lab-jsmarketplace/libraries/src/MVC/Controller/BaseController.php(710): SppagebuilderController->display()
#7 /Users/codeacious3/Sites/lab-jsmarketplace/components/com_sppagebuilder/sppagebuilder.php(26): Joomla\CMS\MVC\Controller\BaseController->execute('')
#8 /Users/codeacious3/Sites/lab-jsmarketplace/libraries/src/Component/ComponentHelper.php(402): require_once('/Users/codeacio...')
#9 /Users/codeacious3/Sites/lab-jsmarketplace/libraries/src/Component/ComponentHelper.php(377): Joomla\CMS\Component\ComponentHelper::executeComponent('/Users/codeacio...')
#10 /Users/codeacious3/Sites/lab-jsmarketplace/libraries/src/Application/SiteApplication.php(194): Joomla\CMS\Component\ComponentHelper::renderComponent('com_sppagebuild...')
#11 /Users/codeacious3/Sites/lab-jsmarketplace/libraries/src/Application/SiteApplication.php(233): Joomla\CMS\Application\SiteApplication->dispatch()
#12 /Users/codeacious3/Sites/lab-jsmarketplace/libraries/src/Application/CMSApplication.php(196): Joomla\CMS\Application\SiteApplication->doExecute()
#13 /Users/codeacious3/Sites/lab-jsmarketplace/index.php(49): Joomla\CMS\Application\CMSApplication->execute()
#14 {main}
2019-05-28T06:16:09+00:00	WARNING ::1	jerror	There was no store selected or the selected store was not found. Showing products from all stores.
2019-05-28T06:16:21+00:00	WARNING ::1	jerror	There was no store selected or the selected store was not found. Showing products from all stores.
2019-05-28T06:17:03+00:00	CRITICAL ::1	error	Uncaught \Throwable of type JException thrown. Stack trace: #0 /Users/codeacious3/Sites/lab-jsmarketplace/libraries/legacy/error/error.php(277): JError::raise(1, 404, 'Page Not Found', NULL, true)
#1 /Users/codeacious3/Sites/lab-jsmarketplace/components/com_sppagebuilder/models/page.php(85): JError::raiseError(404, 'Page Not Found')
#2 /Users/codeacious3/Sites/lab-jsmarketplace/libraries/src/MVC/View/HtmlView.php(425): SppagebuilderModelPage->getItem()
#3 /Users/codeacious3/Sites/lab-jsmarketplace/components/com_sppagebuilder/views/page/view.html.php(24): Joomla\CMS\MVC\View\HtmlView->get('Item')
#4 /Users/codeacious3/Sites/lab-jsmarketplace/libraries/src/MVC/Controller/BaseController.php(672): SppagebuilderViewPage->display()
#5 /Users/codeacious3/Sites/lab-jsmarketplace/components/com_sppagebuilder/controller.php(39): Joomla\CMS\MVC\Controller\BaseController->display(false)
#6 /Users/codeacious3/Sites/lab-jsmarketplace/libraries/src/MVC/Controller/BaseController.php(710): SppagebuilderController->display()
#7 /Users/codeacious3/Sites/lab-jsmarketplace/components/com_sppagebuilder/sppagebuilder.php(26): Joomla\CMS\MVC\Controller\BaseController->execute('')
#8 /Users/codeacious3/Sites/lab-jsmarketplace/libraries/src/Component/ComponentHelper.php(402): require_once('/Users/codeacio...')
#9 /Users/codeacious3/Sites/lab-jsmarketplace/libraries/src/Component/ComponentHelper.php(377): Joomla\CMS\Component\ComponentHelper::executeComponent('/Users/codeacio...')
#10 /Users/codeacious3/Sites/lab-jsmarketplace/libraries/src/Application/SiteApplication.php(194): Joomla\CMS\Component\ComponentHelper::renderComponent('com_sppagebuild...')
#11 /Users/codeacious3/Sites/lab-jsmarketplace/libraries/src/Application/SiteApplication.php(233): Joomla\CMS\Application\SiteApplication->dispatch()
#12 /Users/codeacious3/Sites/lab-jsmarketplace/libraries/src/Application/CMSApplication.php(196): Joomla\CMS\Application\SiteApplication->doExecute()
#13 /Users/codeacious3/Sites/lab-jsmarketplace/index.php(49): Joomla\CMS\Application\CMSApplication->execute()
#14 {main}
2019-05-28T06:18:05+00:00	CRITICAL ::1	error	Uncaught \Throwable of type Joomla\CMS\Router\Exception\RouteNotFoundException thrown. Stack trace: #0 /Users/codeacious3/Sites/lab-jsmarketplace/components/com_sellacious/router.php(1415): SellaciousRouter->parseCategoriesSegments(Array, Array)
#1 /Users/codeacious3/Sites/lab-jsmarketplace/components/com_sellacious/router.php(410): SellaciousRouter->parseProductSegments(Array, Array)
#2 /Users/codeacious3/Sites/lab-jsmarketplace/libraries/src/Router/SiteRouter.php(437): SellaciousRouter->parse(Array)
#3 /Users/codeacious3/Sites/lab-jsmarketplace/libraries/src/Router/Router.php(482): Joomla\CMS\Router\SiteRouter->parseSefRoute(Object(Joomla\CMS\Uri\Uri))
#4 /Users/codeacious3/Sites/lab-jsmarketplace/libraries/src/Router/Router.php(227): Joomla\CMS\Router\Router->_parseSefRoute(Object(Joomla\CMS\Uri\Uri))
#5 /Users/codeacious3/Sites/lab-jsmarketplace/libraries/src/Router/SiteRouter.php(138): Joomla\CMS\Router\Router->parse(Object(Joomla\CMS\Uri\Uri))
#6 /Users/codeacious3/Sites/lab-jsmarketplace/libraries/src/Application/CMSApplication.php(1074): Joomla\CMS\Router\SiteRouter->parse(Object(Joomla\CMS\Uri\Uri))
#7 /Users/codeacious3/Sites/lab-jsmarketplace/libraries/src/Application/SiteApplication.php(796): Joomla\CMS\Application\CMSApplication->route()
#8 /Users/codeacious3/Sites/lab-jsmarketplace/libraries/src/Application/SiteApplication.php(218): Joomla\CMS\Application\SiteApplication->route()
#9 /Users/codeacious3/Sites/lab-jsmarketplace/libraries/src/Application/CMSApplication.php(196): Joomla\CMS\Application\SiteApplication->doExecute()
#10 /Users/codeacious3/Sites/lab-jsmarketplace/index.php(49): Joomla\CMS\Application\CMSApplication->execute()
#11 {main}
2019-05-28T06:18:09+00:00	CRITICAL ::1	error	Uncaught \Throwable of type Joomla\CMS\Router\Exception\RouteNotFoundException thrown. Stack trace: #0 /Users/codeacious3/Sites/lab-jsmarketplace/components/com_sellacious/router.php(410): SellaciousRouter->parseCategoriesSegments(Array, Array)
#1 /Users/codeacious3/Sites/lab-jsmarketplace/libraries/src/Router/SiteRouter.php(437): SellaciousRouter->parse(Array)
#2 /Users/codeacious3/Sites/lab-jsmarketplace/libraries/src/Router/Router.php(482): Joomla\CMS\Router\SiteRouter->parseSefRoute(Object(Joomla\CMS\Uri\Uri))
#3 /Users/codeacious3/Sites/lab-jsmarketplace/libraries/src/Router/Router.php(227): Joomla\CMS\Router\Router->_parseSefRoute(Object(Joomla\CMS\Uri\Uri))
#4 /Users/codeacious3/Sites/lab-jsmarketplace/libraries/src/Router/SiteRouter.php(138): Joomla\CMS\Router\Router->parse(Object(Joomla\CMS\Uri\Uri))
#5 /Users/codeacious3/Sites/lab-jsmarketplace/libraries/src/Application/CMSApplication.php(1074): Joomla\CMS\Router\SiteRouter->parse(Object(Joomla\CMS\Uri\Uri))
#6 /Users/codeacious3/Sites/lab-jsmarketplace/libraries/src/Application/SiteApplication.php(796): Joomla\CMS\Application\CMSApplication->route()
#7 /Users/codeacious3/Sites/lab-jsmarketplace/libraries/src/Application/SiteApplication.php(218): Joomla\CMS\Application\SiteApplication->route()
#8 /Users/codeacious3/Sites/lab-jsmarketplace/libraries/src/Application/CMSApplication.php(196): Joomla\CMS\Application\SiteApplication->doExecute()
#9 /Users/codeacious3/Sites/lab-jsmarketplace/index.php(49): Joomla\CMS\Application\CMSApplication->execute()
#10 {main}
2019-05-28T06:21:24+00:00	WARNING ::1	jerror	There was no store selected or the selected store was not found. Showing products from all stores.
2019-05-28T06:26:08+00:00	NOTICE ::1	jerror	You are already registered as a seller
2019-05-28T06:32:07+00:00	CRITICAL ::1	error	Uncaught \Throwable of type Joomla\CMS\Router\Exception\RouteNotFoundException thrown. Stack trace: #0 /Users/codeacious3/Sites/lab-jsmarketplace/components/com_sellacious/router.php(410): SellaciousRouter->parseCategoriesSegments(Array, Array)
#1 /Users/codeacious3/Sites/lab-jsmarketplace/libraries/src/Router/SiteRouter.php(437): SellaciousRouter->parse(Array)
#2 /Users/codeacious3/Sites/lab-jsmarketplace/libraries/src/Router/Router.php(482): Joomla\CMS\Router\SiteRouter->parseSefRoute(Object(Joomla\CMS\Uri\Uri))
#3 /Users/codeacious3/Sites/lab-jsmarketplace/libraries/src/Router/Router.php(227): Joomla\CMS\Router\Router->_parseSefRoute(Object(Joomla\CMS\Uri\Uri))
#4 /Users/codeacious3/Sites/lab-jsmarketplace/libraries/src/Router/SiteRouter.php(138): Joomla\CMS\Router\Router->parse(Object(Joomla\CMS\Uri\Uri))
#5 /Users/codeacious3/Sites/lab-jsmarketplace/libraries/src/Application/CMSApplication.php(1074): Joomla\CMS\Router\SiteRouter->parse(Object(Joomla\CMS\Uri\Uri))
#6 /Users/codeacious3/Sites/lab-jsmarketplace/libraries/src/Application/SiteApplication.php(796): Joomla\CMS\Application\CMSApplication->route()
#7 /Users/codeacious3/Sites/lab-jsmarketplace/libraries/src/Application/SiteApplication.php(218): Joomla\CMS\Application\SiteApplication->route()
#8 /Users/codeacious3/Sites/lab-jsmarketplace/libraries/src/Application/CMSApplication.php(196): Joomla\CMS\Application\SiteApplication->doExecute()
#9 /Users/codeacious3/Sites/lab-jsmarketplace/index.php(49): Joomla\CMS\Application\CMSApplication->execute()
#10 {main}
2019-05-28T06:45:27+00:00	CRITICAL ::1	error	Uncaught \Throwable of type Joomla\CMS\Router\Exception\RouteNotFoundException thrown. Stack trace: #0 /Users/codeacious3/Sites/lab-jsmarketplace/components/com_sellacious/router.php(1413): SellaciousRouter->parseCategoriesSegments(Array, Array)
#1 /Users/codeacious3/Sites/lab-jsmarketplace/components/com_sellacious/router.php(409): SellaciousRouter->parseProductSegments(Array, Array)
#2 /Users/codeacious3/Sites/lab-jsmarketplace/libraries/src/Router/SiteRouter.php(437): SellaciousRouter->parse(Array)
#3 /Users/codeacious3/Sites/lab-jsmarketplace/libraries/src/Router/Router.php(482): Joomla\CMS\Router\SiteRouter->parseSefRoute(Object(Joomla\CMS\Uri\Uri))
#4 /Users/codeacious3/Sites/lab-jsmarketplace/libraries/src/Router/Router.php(227): Joomla\CMS\Router\Router->_parseSefRoute(Object(Joomla\CMS\Uri\Uri))
#5 /Users/codeacious3/Sites/lab-jsmarketplace/libraries/src/Router/SiteRouter.php(138): Joomla\CMS\Router\Router->parse(Object(Joomla\CMS\Uri\Uri))
#6 /Users/codeacious3/Sites/lab-jsmarketplace/libraries/src/Application/CMSApplication.php(1074): Joomla\CMS\Router\SiteRouter->parse(Object(Joomla\CMS\Uri\Uri))
#7 /Users/codeacious3/Sites/lab-jsmarketplace/libraries/src/Application/SiteApplication.php(796): Joomla\CMS\Application\CMSApplication->route()
#8 /Users/codeacious3/Sites/lab-jsmarketplace/libraries/src/Application/SiteApplication.php(218): Joomla\CMS\Application\SiteApplication->route()
#9 /Users/codeacious3/Sites/lab-jsmarketplace/libraries/src/Application/CMSApplication.php(196): Joomla\CMS\Application\SiteApplication->doExecute()
#10 /Users/codeacious3/Sites/lab-jsmarketplace/index.php(49): Joomla\CMS\Application\CMSApplication->execute()
#11 {main}
2019-05-28T07:26:31+00:00	CRITICAL ::1	error	Uncaught \Throwable of type Exception thrown. Stack trace: #0 /Users/codeacious3/Sites/lab-jsmarketplace/libraries/src/MVC/Controller/BaseController.php(621): Joomla\CMS\MVC\Controller\BaseController->getView('login', 'json', 'loginView', Array)
#1 /Users/codeacious3/Sites/lab-jsmarketplace/sellacious/components/com_login/controller.php(42): Joomla\CMS\MVC\Controller\BaseController->display(false, NULL)
#2 /Users/codeacious3/Sites/lab-jsmarketplace/libraries/src/MVC/Controller/BaseController.php(710): LoginController->display()
#3 /Users/codeacious3/Sites/lab-jsmarketplace/sellacious/components/com_login/login.php(21): Joomla\CMS\MVC\Controller\BaseController->execute('')
#4 /Users/codeacious3/Sites/lab-jsmarketplace/libraries/src/Component/ComponentHelper.php(402): require_once('/Users/codeacio...')
#5 /Users/codeacious3/Sites/lab-jsmarketplace/libraries/src/Component/ComponentHelper.php(377): Joomla\CMS\Component\ComponentHelper::executeComponent('/Users/codeacio...')
#6 /Users/codeacious3/Sites/lab-jsmarketplace/sellacious/includes/libraries/application.php(205): Joomla\CMS\Component\ComponentHelper::renderComponent('com_login')
#7 /Users/codeacious3/Sites/lab-jsmarketplace/sellacious/includes/libraries/application.php(250): JApplicationSellacious->dispatch()
#8 /Users/codeacious3/Sites/lab-jsmarketplace/libraries/src/Application/CMSApplication.php(196): JApplicationSellacious->doExecute()
#9 /Users/codeacious3/Sites/lab-jsmarketplace/sellacious/index.php(43): Joomla\CMS\Application\CMSApplication->execute()
#10 {main}
2019-05-28T07:33:04+00:00	CRITICAL ::1	error	Uncaught \Throwable of type Exception thrown. Stack trace: #0 /Users/codeacious3/Sites/lab-jsmarketplace/libraries/src/MVC/Controller/BaseController.php(621): Joomla\CMS\MVC\Controller\BaseController->getView('login', 'json', 'loginView', Array)
#1 /Users/codeacious3/Sites/lab-jsmarketplace/sellacious/components/com_login/controller.php(42): Joomla\CMS\MVC\Controller\BaseController->display(false, NULL)
#2 /Users/codeacious3/Sites/lab-jsmarketplace/libraries/src/MVC/Controller/BaseController.php(710): LoginController->display()
#3 /Users/codeacious3/Sites/lab-jsmarketplace/sellacious/components/com_login/login.php(21): Joomla\CMS\MVC\Controller\BaseController->execute('')
#4 /Users/codeacious3/Sites/lab-jsmarketplace/libraries/src/Component/ComponentHelper.php(402): require_once('/Users/codeacio...')
#5 /Users/codeacious3/Sites/lab-jsmarketplace/libraries/src/Component/ComponentHelper.php(377): Joomla\CMS\Component\ComponentHelper::executeComponent('/Users/codeacio...')
#6 /Users/codeacious3/Sites/lab-jsmarketplace/sellacious/includes/libraries/application.php(205): Joomla\CMS\Component\ComponentHelper::renderComponent('com_login')
#7 /Users/codeacious3/Sites/lab-jsmarketplace/sellacious/includes/libraries/application.php(250): JApplicationSellacious->dispatch()
#8 /Users/codeacious3/Sites/lab-jsmarketplace/libraries/src/Application/CMSApplication.php(196): JApplicationSellacious->doExecute()
#9 /Users/codeacious3/Sites/lab-jsmarketplace/sellacious/index.php(43): Joomla\CMS\Application\CMSApplication->execute()
#10 {main}
2019-05-28T07:40:31+00:00	CRITICAL ::1	error	Uncaught \Throwable of type Exception thrown. Stack trace: #0 /Users/codeacious3/Sites/lab-jsmarketplace/libraries/src/MVC/Controller/BaseController.php(621): Joomla\CMS\MVC\Controller\BaseController->getView('login', 'json', 'loginView', Array)
#1 /Users/codeacious3/Sites/lab-jsmarketplace/sellacious/components/com_login/controller.php(42): Joomla\CMS\MVC\Controller\BaseController->display(false, NULL)
#2 /Users/codeacious3/Sites/lab-jsmarketplace/libraries/src/MVC/Controller/BaseController.php(710): LoginController->display()
#3 /Users/codeacious3/Sites/lab-jsmarketplace/sellacious/components/com_login/login.php(21): Joomla\CMS\MVC\Controller\BaseController->execute('')
#4 /Users/codeacious3/Sites/lab-jsmarketplace/libraries/src/Component/ComponentHelper.php(402): require_once('/Users/codeacio...')
#5 /Users/codeacious3/Sites/lab-jsmarketplace/libraries/src/Component/ComponentHelper.php(377): Joomla\CMS\Component\ComponentHelper::executeComponent('/Users/codeacio...')
#6 /Users/codeacious3/Sites/lab-jsmarketplace/sellacious/includes/libraries/application.php(205): Joomla\CMS\Component\ComponentHelper::renderComponent('com_login')
#7 /Users/codeacious3/Sites/lab-jsmarketplace/sellacious/includes/libraries/application.php(250): JApplicationSellacious->dispatch()
#8 /Users/codeacious3/Sites/lab-jsmarketplace/libraries/src/Application/CMSApplication.php(196): JApplicationSellacious->doExecute()
#9 /Users/codeacious3/Sites/lab-jsmarketplace/sellacious/index.php(43): Joomla\CMS\Application\CMSApplication->execute()
#10 {main}
2019-05-28T07:44:43+00:00	CRITICAL ::1	error	Uncaught \Throwable of type Joomla\CMS\Router\Exception\RouteNotFoundException thrown. Stack trace: #0 /Users/codeacious3/Sites/lab-jsmarketplace/components/com_sellacious/router.php(1415): SellaciousRouter->parseCategoriesSegments(Array, Array)
#1 /Users/codeacious3/Sites/lab-jsmarketplace/components/com_sellacious/router.php(410): SellaciousRouter->parseProductSegments(Array, Array)
#2 /Users/codeacious3/Sites/lab-jsmarketplace/libraries/src/Router/SiteRouter.php(437): SellaciousRouter->parse(Array)
#3 /Users/codeacious3/Sites/lab-jsmarketplace/libraries/src/Router/Router.php(482): Joomla\CMS\Router\SiteRouter->parseSefRoute(Object(Joomla\CMS\Uri\Uri))
#4 /Users/codeacious3/Sites/lab-jsmarketplace/libraries/src/Router/Router.php(227): Joomla\CMS\Router\Router->_parseSefRoute(Object(Joomla\CMS\Uri\Uri))
#5 /Users/codeacious3/Sites/lab-jsmarketplace/libraries/src/Router/SiteRouter.php(138): Joomla\CMS\Router\Router->parse(Object(Joomla\CMS\Uri\Uri))
#6 /Users/codeacious3/Sites/lab-jsmarketplace/libraries/src/Application/CMSApplication.php(1074): Joomla\CMS\Router\SiteRouter->parse(Object(Joomla\CMS\Uri\Uri))
#7 /Users/codeacious3/Sites/lab-jsmarketplace/libraries/src/Application/SiteApplication.php(796): Joomla\CMS\Application\CMSApplication->route()
#8 /Users/codeacious3/Sites/lab-jsmarketplace/libraries/src/Application/SiteApplication.php(218): Joomla\CMS\Application\SiteApplication->route()
#9 /Users/codeacious3/Sites/lab-jsmarketplace/libraries/src/Application/CMSApplication.php(196): Joomla\CMS\Application\SiteApplication->doExecute()
#10 /Users/codeacious3/Sites/lab-jsmarketplace/index.php(49): Joomla\CMS\Application\CMSApplication->execute()
#11 {main}
2019-05-28T07:46:50+00:00	CRITICAL ::1	error	Uncaught \Throwable of type Joomla\CMS\Router\Exception\RouteNotFoundException thrown. Stack trace: #0 /Users/codeacious3/Sites/lab-jsmarketplace/components/com_sellacious/router.php(1415): SellaciousRouter->parseCategoriesSegments(Array, Array)
#1 /Users/codeacious3/Sites/lab-jsmarketplace/components/com_sellacious/router.php(410): SellaciousRouter->parseProductSegments(Array, Array)
#2 /Users/codeacious3/Sites/lab-jsmarketplace/libraries/src/Router/SiteRouter.php(437): SellaciousRouter->parse(Array)
#3 /Users/codeacious3/Sites/lab-jsmarketplace/libraries/src/Router/Router.php(482): Joomla\CMS\Router\SiteRouter->parseSefRoute(Object(Joomla\CMS\Uri\Uri))
#4 /Users/codeacious3/Sites/lab-jsmarketplace/libraries/src/Router/Router.php(227): Joomla\CMS\Router\Router->_parseSefRoute(Object(Joomla\CMS\Uri\Uri))
#5 /Users/codeacious3/Sites/lab-jsmarketplace/libraries/src/Router/SiteRouter.php(138): Joomla\CMS\Router\Router->parse(Object(Joomla\CMS\Uri\Uri))
#6 /Users/codeacious3/Sites/lab-jsmarketplace/libraries/src/Application/CMSApplication.php(1074): Joomla\CMS\Router\SiteRouter->parse(Object(Joomla\CMS\Uri\Uri))
#7 /Users/codeacious3/Sites/lab-jsmarketplace/libraries/src/Application/SiteApplication.php(796): Joomla\CMS\Application\CMSApplication->route()
#8 /Users/codeacious3/Sites/lab-jsmarketplace/libraries/src/Application/SiteApplication.php(218): Joomla\CMS\Application\SiteApplication->route()
#9 /Users/codeacious3/Sites/lab-jsmarketplace/libraries/src/Application/CMSApplication.php(196): Joomla\CMS\Application\SiteApplication->doExecute()
#10 /Users/codeacious3/Sites/lab-jsmarketplace/index.php(49): Joomla\CMS\Application\CMSApplication->execute()
#11 {main}
2019-05-28T07:46:51+00:00	CRITICAL ::1	error	Uncaught \Throwable of type Joomla\CMS\Router\Exception\RouteNotFoundException thrown. Stack trace: #0 /Users/codeacious3/Sites/lab-jsmarketplace/components/com_sellacious/router.php(1415): SellaciousRouter->parseCategoriesSegments(Array, Array)
#1 /Users/codeacious3/Sites/lab-jsmarketplace/components/com_sellacious/router.php(410): SellaciousRouter->parseProductSegments(Array, Array)
#2 /Users/codeacious3/Sites/lab-jsmarketplace/libraries/src/Router/SiteRouter.php(437): SellaciousRouter->parse(Array)
#3 /Users/codeacious3/Sites/lab-jsmarketplace/libraries/src/Router/Router.php(482): Joomla\CMS\Router\SiteRouter->parseSefRoute(Object(Joomla\CMS\Uri\Uri))
#4 /Users/codeacious3/Sites/lab-jsmarketplace/libraries/src/Router/Router.php(227): Joomla\CMS\Router\Router->_parseSefRoute(Object(Joomla\CMS\Uri\Uri))
#5 /Users/codeacious3/Sites/lab-jsmarketplace/libraries/src/Router/SiteRouter.php(138): Joomla\CMS\Router\Router->parse(Object(Joomla\CMS\Uri\Uri))
#6 /Users/codeacious3/Sites/lab-jsmarketplace/libraries/src/Application/CMSApplication.php(1074): Joomla\CMS\Router\SiteRouter->parse(Object(Joomla\CMS\Uri\Uri))
#7 /Users/codeacious3/Sites/lab-jsmarketplace/libraries/src/Application/SiteApplication.php(796): Joomla\CMS\Application\CMSApplication->route()
#8 /Users/codeacious3/Sites/lab-jsmarketplace/libraries/src/Application/SiteApplication.php(218): Joomla\CMS\Application\SiteApplication->route()
#9 /Users/codeacious3/Sites/lab-jsmarketplace/libraries/src/Application/CMSApplication.php(196): Joomla\CMS\Application\SiteApplication->doExecute()
#10 /Users/codeacious3/Sites/lab-jsmarketplace/index.php(49): Joomla\CMS\Application\CMSApplication->execute()
#11 {main}
2019-05-28T07:47:04+00:00	CRITICAL ::1	error	Uncaught \Throwable of type Exception thrown. Stack trace: #0 /Users/codeacious3/Sites/lab-jsmarketplace/libraries/src/MVC/Controller/BaseController.php(621): Joomla\CMS\MVC\Controller\BaseController->getView('login', 'json', 'loginView', Array)
#1 /Users/codeacious3/Sites/lab-jsmarketplace/sellacious/components/com_login/controller.php(42): Joomla\CMS\MVC\Controller\BaseController->display(false, NULL)
#2 /Users/codeacious3/Sites/lab-jsmarketplace/libraries/src/MVC/Controller/BaseController.php(710): LoginController->display()
#3 /Users/codeacious3/Sites/lab-jsmarketplace/sellacious/components/com_login/login.php(21): Joomla\CMS\MVC\Controller\BaseController->execute('')
#4 /Users/codeacious3/Sites/lab-jsmarketplace/libraries/src/Component/ComponentHelper.php(402): require_once('/Users/codeacio...')
#5 /Users/codeacious3/Sites/lab-jsmarketplace/libraries/src/Component/ComponentHelper.php(377): Joomla\CMS\Component\ComponentHelper::executeComponent('/Users/codeacio...')
#6 /Users/codeacious3/Sites/lab-jsmarketplace/sellacious/includes/libraries/application.php(205): Joomla\CMS\Component\ComponentHelper::renderComponent('com_login')
#7 /Users/codeacious3/Sites/lab-jsmarketplace/sellacious/includes/libraries/application.php(250): JApplicationSellacious->dispatch()
#8 /Users/codeacious3/Sites/lab-jsmarketplace/libraries/src/Application/CMSApplication.php(196): JApplicationSellacious->doExecute()
#9 /Users/codeacious3/Sites/lab-jsmarketplace/sellacious/index.php(43): Joomla\CMS\Application\CMSApplication->execute()
#10 {main}
2019-05-28T07:53:30+00:00	CRITICAL ::1	error	Uncaught \Throwable of type Joomla\CMS\Router\Exception\RouteNotFoundException thrown. Stack trace: #0 /Users/codeacious3/Sites/lab-jsmarketplace/components/com_sellacious/router.php(1415): SellaciousRouter->parseCategoriesSegments(Array, Array)
#1 /Users/codeacious3/Sites/lab-jsmarketplace/components/com_sellacious/router.php(410): SellaciousRouter->parseProductSegments(Array, Array)
#2 /Users/codeacious3/Sites/lab-jsmarketplace/libraries/src/Router/SiteRouter.php(437): SellaciousRouter->parse(Array)
#3 /Users/codeacious3/Sites/lab-jsmarketplace/libraries/src/Router/Router.php(482): Joomla\CMS\Router\SiteRouter->parseSefRoute(Object(Joomla\CMS\Uri\Uri))
#4 /Users/codeacious3/Sites/lab-jsmarketplace/libraries/src/Router/Router.php(227): Joomla\CMS\Router\Router->_parseSefRoute(Object(Joomla\CMS\Uri\Uri))
#5 /Users/codeacious3/Sites/lab-jsmarketplace/libraries/src/Router/SiteRouter.php(138): Joomla\CMS\Router\Router->parse(Object(Joomla\CMS\Uri\Uri))
#6 /Users/codeacious3/Sites/lab-jsmarketplace/libraries/src/Application/CMSApplication.php(1074): Joomla\CMS\Router\SiteRouter->parse(Object(Joomla\CMS\Uri\Uri))
#7 /Users/codeacious3/Sites/lab-jsmarketplace/libraries/src/Application/SiteApplication.php(796): Joomla\CMS\Application\CMSApplication->route()
#8 /Users/codeacious3/Sites/lab-jsmarketplace/libraries/src/Application/SiteApplication.php(218): Joomla\CMS\Application\SiteApplication->route()
#9 /Users/codeacious3/Sites/lab-jsmarketplace/libraries/src/Application/CMSApplication.php(196): Joomla\CMS\Application\SiteApplication->doExecute()
#10 /Users/codeacious3/Sites/lab-jsmarketplace/index.php(49): Joomla\CMS\Application\CMSApplication->execute()
#11 {main}
2019-05-28T07:54:31+00:00	CRITICAL ::1	error	Uncaught \Throwable of type Exception thrown. Stack trace: #0 /Users/codeacious3/Sites/lab-jsmarketplace/libraries/src/MVC/Controller/BaseController.php(621): Joomla\CMS\MVC\Controller\BaseController->getView('login', 'json', 'loginView', Array)
#1 /Users/codeacious3/Sites/lab-jsmarketplace/sellacious/components/com_login/controller.php(42): Joomla\CMS\MVC\Controller\BaseController->display(false, NULL)
#2 /Users/codeacious3/Sites/lab-jsmarketplace/libraries/src/MVC/Controller/BaseController.php(710): LoginController->display()
#3 /Users/codeacious3/Sites/lab-jsmarketplace/sellacious/components/com_login/login.php(21): Joomla\CMS\MVC\Controller\BaseController->execute('')
#4 /Users/codeacious3/Sites/lab-jsmarketplace/libraries/src/Component/ComponentHelper.php(402): require_once('/Users/codeacio...')
#5 /Users/codeacious3/Sites/lab-jsmarketplace/libraries/src/Component/ComponentHelper.php(377): Joomla\CMS\Component\ComponentHelper::executeComponent('/Users/codeacio...')
#6 /Users/codeacious3/Sites/lab-jsmarketplace/sellacious/includes/libraries/application.php(205): Joomla\CMS\Component\ComponentHelper::renderComponent('com_login')
#7 /Users/codeacious3/Sites/lab-jsmarketplace/sellacious/includes/libraries/application.php(250): JApplicationSellacious->dispatch()
#8 /Users/codeacious3/Sites/lab-jsmarketplace/libraries/src/Application/CMSApplication.php(196): JApplicationSellacious->doExecute()
#9 /Users/codeacious3/Sites/lab-jsmarketplace/sellacious/index.php(43): Joomla\CMS\Application\CMSApplication->execute()
#10 {main}
2019-05-28T07:55:48+00:00	CRITICAL ::1	error	Uncaught \Throwable of type JException thrown. Stack trace: #0 /Users/codeacious3/Sites/lab-jsmarketplace/libraries/legacy/error/error.php(277): JError::raise(1, 404, 'Page Not Found', NULL, true)
#1 /Users/codeacious3/Sites/lab-jsmarketplace/components/com_sppagebuilder/models/page.php(85): JError::raiseError(404, 'Page Not Found')
#2 /Users/codeacious3/Sites/lab-jsmarketplace/libraries/src/MVC/View/HtmlView.php(425): SppagebuilderModelPage->getItem()
#3 /Users/codeacious3/Sites/lab-jsmarketplace/components/com_sppagebuilder/views/page/view.html.php(24): Joomla\CMS\MVC\View\HtmlView->get('Item')
#4 /Users/codeacious3/Sites/lab-jsmarketplace/libraries/src/MVC/Controller/BaseController.php(672): SppagebuilderViewPage->display()
#5 /Users/codeacious3/Sites/lab-jsmarketplace/components/com_sppagebuilder/controller.php(39): Joomla\CMS\MVC\Controller\BaseController->display(false)
#6 /Users/codeacious3/Sites/lab-jsmarketplace/libraries/src/MVC/Controller/BaseController.php(710): SppagebuilderController->display()
#7 /Users/codeacious3/Sites/lab-jsmarketplace/components/com_sppagebuilder/sppagebuilder.php(26): Joomla\CMS\MVC\Controller\BaseController->execute('')
#8 /Users/codeacious3/Sites/lab-jsmarketplace/libraries/src/Component/ComponentHelper.php(402): require_once('/Users/codeacio...')
#9 /Users/codeacious3/Sites/lab-jsmarketplace/libraries/src/Component/ComponentHelper.php(377): Joomla\CMS\Component\ComponentHelper::executeComponent('/Users/codeacio...')
#10 /Users/codeacious3/Sites/lab-jsmarketplace/libraries/src/Application/SiteApplication.php(194): Joomla\CMS\Component\ComponentHelper::renderComponent('com_sppagebuild...')
#11 /Users/codeacious3/Sites/lab-jsmarketplace/libraries/src/Application/SiteApplication.php(233): Joomla\CMS\Application\SiteApplication->dispatch()
#12 /Users/codeacious3/Sites/lab-jsmarketplace/libraries/src/Application/CMSApplication.php(196): Joomla\CMS\Application\SiteApplication->doExecute()
#13 /Users/codeacious3/Sites/lab-jsmarketplace/index.php(49): Joomla\CMS\Application\CMSApplication->execute()
#14 {main}
2019-05-28T07:57:29+00:00	WARNING ::1	jerror	Username and password do not match or you do not have an account yet.
2019-05-28T08:01:13+00:00	WARNING ::1	jerror	JUser: :_load: Unable to load user with ID: 174
2019-05-28T08:01:13+00:00	WARNING ::1	jerror	JUser: :_load: Unable to load user with ID: 411
2019-05-28T08:01:13+00:00	WARNING ::1	jerror	JUser: :_load: Unable to load user with ID: 491
2019-05-28T08:01:13+00:00	WARNING ::1	jerror	JUser: :_load: Unable to load user with ID: 261
2019-05-28T08:01:13+00:00	WARNING ::1	jerror	JUser: :_load: Unable to load user with ID: 160
2019-05-28T08:01:49+00:00	WARNING ::1	jerror	JUser: :_load: Unable to load user with ID: 174
2019-05-28T08:01:49+00:00	WARNING ::1	jerror	JUser: :_load: Unable to load user with ID: 411
2019-05-28T08:01:49+00:00	WARNING ::1	jerror	JUser: :_load: Unable to load user with ID: 491
2019-05-28T08:01:49+00:00	WARNING ::1	jerror	JUser: :_load: Unable to load user with ID: 261
2019-05-28T08:01:49+00:00	WARNING ::1	jerror	JUser: :_load: Unable to load user with ID: 160
2019-05-28T08:51:53+00:00	CRITICAL ::1	error	Uncaught \Throwable of type JException thrown. Stack trace: #0 /Users/codeacious3/Sites/lab-jsmarketplace/libraries/legacy/error/error.php(277): JError::raise(1, 404, 'Page Not Found', NULL, true)
#1 /Users/codeacious3/Sites/lab-jsmarketplace/components/com_sppagebuilder/models/page.php(85): JError::raiseError(404, 'Page Not Found')
#2 /Users/codeacious3/Sites/lab-jsmarketplace/libraries/src/MVC/View/HtmlView.php(425): SppagebuilderModelPage->getItem()
#3 /Users/codeacious3/Sites/lab-jsmarketplace/components/com_sppagebuilder/views/page/view.html.php(24): Joomla\CMS\MVC\View\HtmlView->get('Item')
#4 /Users/codeacious3/Sites/lab-jsmarketplace/libraries/src/MVC/Controller/BaseController.php(672): SppagebuilderViewPage->display()
#5 /Users/codeacious3/Sites/lab-jsmarketplace/components/com_sppagebuilder/controller.php(39): Joomla\CMS\MVC\Controller\BaseController->display(false)
#6 /Users/codeacious3/Sites/lab-jsmarketplace/libraries/src/MVC/Controller/BaseController.php(710): SppagebuilderController->display()
#7 /Users/codeacious3/Sites/lab-jsmarketplace/components/com_sppagebuilder/sppagebuilder.php(26): Joomla\CMS\MVC\Controller\BaseController->execute('')
#8 /Users/codeacious3/Sites/lab-jsmarketplace/libraries/src/Component/ComponentHelper.php(402): require_once('/Users/codeacio...')
#9 /Users/codeacious3/Sites/lab-jsmarketplace/libraries/src/Component/ComponentHelper.php(377): Joomla\CMS\Component\ComponentHelper::executeComponent('/Users/codeacio...')
#10 /Users/codeacious3/Sites/lab-jsmarketplace/libraries/src/Application/SiteApplication.php(194): Joomla\CMS\Component\ComponentHelper::renderComponent('com_sppagebuild...')
#11 /Users/codeacious3/Sites/lab-jsmarketplace/libraries/src/Application/SiteApplication.php(233): Joomla\CMS\Application\SiteApplication->dispatch()
#12 /Users/codeacious3/Sites/lab-jsmarketplace/libraries/src/Application/CMSApplication.php(196): Joomla\CMS\Application\SiteApplication->doExecute()
#13 /Users/codeacious3/Sites/lab-jsmarketplace/index.php(49): Joomla\CMS\Application\CMSApplication->execute()
#14 {main}
2019-05-28T08:52:01+00:00	CRITICAL ::1	error	Uncaught \Throwable of type JException thrown. Stack trace: #0 /Users/codeacious3/Sites/lab-jsmarketplace/libraries/legacy/error/error.php(277): JError::raise(1, 404, 'Page Not Found', NULL, true)
#1 /Users/codeacious3/Sites/lab-jsmarketplace/components/com_sppagebuilder/models/page.php(85): JError::raiseError(404, 'Page Not Found')
#2 /Users/codeacious3/Sites/lab-jsmarketplace/libraries/src/MVC/View/HtmlView.php(425): SppagebuilderModelPage->getItem()
#3 /Users/codeacious3/Sites/lab-jsmarketplace/components/com_sppagebuilder/views/page/view.html.php(24): Joomla\CMS\MVC\View\HtmlView->get('Item')
#4 /Users/codeacious3/Sites/lab-jsmarketplace/libraries/src/MVC/Controller/BaseController.php(672): SppagebuilderViewPage->display()
#5 /Users/codeacious3/Sites/lab-jsmarketplace/components/com_sppagebuilder/controller.php(39): Joomla\CMS\MVC\Controller\BaseController->display(false)
#6 /Users/codeacious3/Sites/lab-jsmarketplace/libraries/src/MVC/Controller/BaseController.php(710): SppagebuilderController->display()
#7 /Users/codeacious3/Sites/lab-jsmarketplace/components/com_sppagebuilder/sppagebuilder.php(26): Joomla\CMS\MVC\Controller\BaseController->execute('')
#8 /Users/codeacious3/Sites/lab-jsmarketplace/libraries/src/Component/ComponentHelper.php(402): require_once('/Users/codeacio...')
#9 /Users/codeacious3/Sites/lab-jsmarketplace/libraries/src/Component/ComponentHelper.php(377): Joomla\CMS\Component\ComponentHelper::executeComponent('/Users/codeacio...')
#10 /Users/codeacious3/Sites/lab-jsmarketplace/libraries/src/Application/SiteApplication.php(194): Joomla\CMS\Component\ComponentHelper::renderComponent('com_sppagebuild...')
#11 /Users/codeacious3/Sites/lab-jsmarketplace/libraries/src/Application/SiteApplication.php(233): Joomla\CMS\Application\SiteApplication->dispatch()
#12 /Users/codeacious3/Sites/lab-jsmarketplace/libraries/src/Application/CMSApplication.php(196): Joomla\CMS\Application\SiteApplication->doExecute()
#13 /Users/codeacious3/Sites/lab-jsmarketplace/index.php(49): Joomla\CMS\Application\CMSApplication->execute()
#14 {main}
2019-05-28T08:53:47+00:00	INFO ::1	jerror	Please login or register to access the requested page.
2019-05-28T09:11:16+00:00	CRITICAL -	error	Uncaught \Throwable of type Error thrown. Stack trace: #0 /Users/codeacious3/Sites/lab-jsmarketplace/sellacious/cli/sellacious_importer.php(154): SellaciousImporterCli->rebuildCache(NULL)
#1 /Users/codeacious3/Sites/lab-jsmarketplace/sellacious/cli/sellacious_importer.php(77): SellaciousImporterCli->doImport()
#2 /Users/codeacious3/Sites/lab-jsmarketplace/libraries/src/Application/CliApplication.php(143): SellaciousImporterCli->doExecute()
#3 /Users/codeacious3/Sites/lab-jsmarketplace/sellacious/cli/sellacious_importer.php(228): Joomla\CMS\Application\CliApplication->execute()
#4 {main}
2019-05-28T09:23:22+00:00	CRITICAL ::1	error	Uncaught \Throwable of type Joomla\CMS\Router\Exception\RouteNotFoundException thrown. Stack trace: #0 /Users/codeacious3/Sites/lab-jsmarketplace/components/com_sellacious/router.php(410): SellaciousRouter->parseCategoriesSegments(Array, Array)
#1 /Users/codeacious3/Sites/lab-jsmarketplace/libraries/src/Router/SiteRouter.php(437): SellaciousRouter->parse(Array)
#2 /Users/codeacious3/Sites/lab-jsmarketplace/libraries/src/Router/Router.php(482): Joomla\CMS\Router\SiteRouter->parseSefRoute(Object(Joomla\CMS\Uri\Uri))
#3 /Users/codeacious3/Sites/lab-jsmarketplace/libraries/src/Router/Router.php(227): Joomla\CMS\Router\Router->_parseSefRoute(Object(Joomla\CMS\Uri\Uri))
#4 /Users/codeacious3/Sites/lab-jsmarketplace/libraries/src/Router/SiteRouter.php(138): Joomla\CMS\Router\Router->parse(Object(Joomla\CMS\Uri\Uri))
#5 /Users/codeacious3/Sites/lab-jsmarketplace/libraries/src/Application/CMSApplication.php(1074): Joomla\CMS\Router\SiteRouter->parse(Object(Joomla\CMS\Uri\Uri))
#6 /Users/codeacious3/Sites/lab-jsmarketplace/libraries/src/Application/SiteApplication.php(796): Joomla\CMS\Application\CMSApplication->route()
#7 /Users/codeacious3/Sites/lab-jsmarketplace/libraries/src/Application/SiteApplication.php(218): Joomla\CMS\Application\SiteApplication->route()
#8 /Users/codeacious3/Sites/lab-jsmarketplace/libraries/src/Application/CMSApplication.php(196): Joomla\CMS\Application\SiteApplication->doExecute()
#9 /Users/codeacious3/Sites/lab-jsmarketplace/index.php(49): Joomla\CMS\Application\CMSApplication->execute()
#10 {main}
2019-05-28T09:34:48+00:00	CRITICAL ::1	error	Uncaught \Throwable of type Joomla\CMS\Router\Exception\RouteNotFoundException thrown. Stack trace: #0 /Users/codeacious3/Sites/lab-jsmarketplace/components/com_sellacious/router.php(1415): SellaciousRouter->parseCategoriesSegments(Array, Array)
#1 /Users/codeacious3/Sites/lab-jsmarketplace/components/com_sellacious/router.php(410): SellaciousRouter->parseProductSegments(Array, Array)
#2 /Users/codeacious3/Sites/lab-jsmarketplace/libraries/src/Router/SiteRouter.php(437): SellaciousRouter->parse(Array)
#3 /Users/codeacious3/Sites/lab-jsmarketplace/libraries/src/Router/Router.php(482): Joomla\CMS\Router\SiteRouter->parseSefRoute(Object(Joomla\CMS\Uri\Uri))
#4 /Users/codeacious3/Sites/lab-jsmarketplace/libraries/src/Router/Router.php(227): Joomla\CMS\Router\Router->_parseSefRoute(Object(Joomla\CMS\Uri\Uri))
#5 /Users/codeacious3/Sites/lab-jsmarketplace/libraries/src/Router/SiteRouter.php(138): Joomla\CMS\Router\Router->parse(Object(Joomla\CMS\Uri\Uri))
#6 /Users/codeacious3/Sites/lab-jsmarketplace/libraries/src/Application/CMSApplication.php(1074): Joomla\CMS\Router\SiteRouter->parse(Object(Joomla\CMS\Uri\Uri))
#7 /Users/codeacious3/Sites/lab-jsmarketplace/libraries/src/Application/SiteApplication.php(796): Joomla\CMS\Application\CMSApplication->route()
#8 /Users/codeacious3/Sites/lab-jsmarketplace/libraries/src/Application/SiteApplication.php(218): Joomla\CMS\Application\SiteApplication->route()
#9 /Users/codeacious3/Sites/lab-jsmarketplace/libraries/src/Application/CMSApplication.php(196): Joomla\CMS\Application\SiteApplication->doExecute()
#10 /Users/codeacious3/Sites/lab-jsmarketplace/index.php(49): Joomla\CMS\Application\CMSApplication->execute()
#11 {main}
2019-05-28T09:34:55+00:00	CRITICAL ::1	error	Uncaught \Throwable of type Joomla\CMS\Router\Exception\RouteNotFoundException thrown. Stack trace: #0 /Users/codeacious3/Sites/lab-jsmarketplace/components/com_sellacious/router.php(1415): SellaciousRouter->parseCategoriesSegments(Array, Array)
#1 /Users/codeacious3/Sites/lab-jsmarketplace/components/com_sellacious/router.php(410): SellaciousRouter->parseProductSegments(Array, Array)
#2 /Users/codeacious3/Sites/lab-jsmarketplace/libraries/src/Router/SiteRouter.php(437): SellaciousRouter->parse(Array)
#3 /Users/codeacious3/Sites/lab-jsmarketplace/libraries/src/Router/Router.php(482): Joomla\CMS\Router\SiteRouter->parseSefRoute(Object(Joomla\CMS\Uri\Uri))
#4 /Users/codeacious3/Sites/lab-jsmarketplace/libraries/src/Router/Router.php(227): Joomla\CMS\Router\Router->_parseSefRoute(Object(Joomla\CMS\Uri\Uri))
#5 /Users/codeacious3/Sites/lab-jsmarketplace/libraries/src/Router/SiteRouter.php(138): Joomla\CMS\Router\Router->parse(Object(Joomla\CMS\Uri\Uri))
#6 /Users/codeacious3/Sites/lab-jsmarketplace/libraries/src/Application/CMSApplication.php(1074): Joomla\CMS\Router\SiteRouter->parse(Object(Joomla\CMS\Uri\Uri))
#7 /Users/codeacious3/Sites/lab-jsmarketplace/libraries/src/Application/SiteApplication.php(796): Joomla\CMS\Application\CMSApplication->route()
#8 /Users/codeacious3/Sites/lab-jsmarketplace/libraries/src/Application/SiteApplication.php(218): Joomla\CMS\Application\SiteApplication->route()
#9 /Users/codeacious3/Sites/lab-jsmarketplace/libraries/src/Application/CMSApplication.php(196): Joomla\CMS\Application\SiteApplication->doExecute()
#10 /Users/codeacious3/Sites/lab-jsmarketplace/index.php(49): Joomla\CMS\Application\CMSApplication->execute()
#11 {main}
2019-05-28T09:35:47+00:00	CRITICAL ::1	error	Uncaught \Throwable of type Joomla\CMS\Router\Exception\RouteNotFoundException thrown. Stack trace: #0 /Users/codeacious3/Sites/lab-jsmarketplace/components/com_sellacious/router.php(1415): SellaciousRouter->parseCategoriesSegments(Array, Array)
#1 /Users/codeacious3/Sites/lab-jsmarketplace/components/com_sellacious/router.php(410): SellaciousRouter->parseProductSegments(Array, Array)
#2 /Users/codeacious3/Sites/lab-jsmarketplace/libraries/src/Router/SiteRouter.php(437): SellaciousRouter->parse(Array)
#3 /Users/codeacious3/Sites/lab-jsmarketplace/libraries/src/Router/Router.php(482): Joomla\CMS\Router\SiteRouter->parseSefRoute(Object(Joomla\CMS\Uri\Uri))
#4 /Users/codeacious3/Sites/lab-jsmarketplace/libraries/src/Router/Router.php(227): Joomla\CMS\Router\Router->_parseSefRoute(Object(Joomla\CMS\Uri\Uri))
#5 /Users/codeacious3/Sites/lab-jsmarketplace/libraries/src/Router/SiteRouter.php(138): Joomla\CMS\Router\Router->parse(Object(Joomla\CMS\Uri\Uri))
#6 /Users/codeacious3/Sites/lab-jsmarketplace/libraries/src/Application/CMSApplication.php(1074): Joomla\CMS\Router\SiteRouter->parse(Object(Joomla\CMS\Uri\Uri))
#7 /Users/codeacious3/Sites/lab-jsmarketplace/libraries/src/Application/SiteApplication.php(796): Joomla\CMS\Application\CMSApplication->route()
#8 /Users/codeacious3/Sites/lab-jsmarketplace/libraries/src/Application/SiteApplication.php(218): Joomla\CMS\Application\SiteApplication->route()
#9 /Users/codeacious3/Sites/lab-jsmarketplace/libraries/src/Application/CMSApplication.php(196): Joomla\CMS\Application\SiteApplication->doExecute()
#10 /Users/codeacious3/Sites/lab-jsmarketplace/index.php(49): Joomla\CMS\Application\CMSApplication->execute()
#11 {main}
2019-05-28T09:36:05+00:00	CRITICAL ::1	error	Uncaught \Throwable of type JException thrown. Stack trace: #0 /Users/codeacious3/Sites/lab-jsmarketplace/libraries/legacy/error/error.php(277): JError::raise(1, 404, 'Page Not Found', NULL, true)
#1 /Users/codeacious3/Sites/lab-jsmarketplace/components/com_sppagebuilder/models/page.php(85): JError::raiseError(404, 'Page Not Found')
#2 /Users/codeacious3/Sites/lab-jsmarketplace/libraries/src/MVC/View/HtmlView.php(425): SppagebuilderModelPage->getItem()
#3 /Users/codeacious3/Sites/lab-jsmarketplace/components/com_sppagebuilder/views/page/view.html.php(24): Joomla\CMS\MVC\View\HtmlView->get('Item')
#4 /Users/codeacious3/Sites/lab-jsmarketplace/libraries/src/MVC/Controller/BaseController.php(672): SppagebuilderViewPage->display()
#5 /Users/codeacious3/Sites/lab-jsmarketplace/components/com_sppagebuilder/controller.php(39): Joomla\CMS\MVC\Controller\BaseController->display(false)
#6 /Users/codeacious3/Sites/lab-jsmarketplace/libraries/src/MVC/Controller/BaseController.php(710): SppagebuilderController->display()
#7 /Users/codeacious3/Sites/lab-jsmarketplace/components/com_sppagebuilder/sppagebuilder.php(26): Joomla\CMS\MVC\Controller\BaseController->execute('')
#8 /Users/codeacious3/Sites/lab-jsmarketplace/libraries/src/Component/ComponentHelper.php(402): require_once('/Users/codeacio...')
#9 /Users/codeacious3/Sites/lab-jsmarketplace/libraries/src/Component/ComponentHelper.php(377): Joomla\CMS\Component\ComponentHelper::executeComponent('/Users/codeacio...')
#10 /Users/codeacious3/Sites/lab-jsmarketplace/libraries/src/Application/SiteApplication.php(194): Joomla\CMS\Component\ComponentHelper::renderComponent('com_sppagebuild...')
#11 /Users/codeacious3/Sites/lab-jsmarketplace/libraries/src/Application/SiteApplication.php(233): Joomla\CMS\Application\SiteApplication->dispatch()
#12 /Users/codeacious3/Sites/lab-jsmarketplace/libraries/src/Application/CMSApplication.php(196): Joomla\CMS\Application\SiteApplication->doExecute()
#13 /Users/codeacious3/Sites/lab-jsmarketplace/index.php(49): Joomla\CMS\Application\CMSApplication->execute()
#14 {main}
2019-05-28T09:38:03+00:00	CRITICAL ::1	error	Uncaught \Throwable of type JException thrown. Stack trace: #0 /Users/codeacious3/Sites/lab-jsmarketplace/libraries/legacy/error/error.php(277): JError::raise(1, 404, 'Page Not Found', NULL, true)
#1 /Users/codeacious3/Sites/lab-jsmarketplace/components/com_sppagebuilder/models/page.php(85): JError::raiseError(404, 'Page Not Found')
#2 /Users/codeacious3/Sites/lab-jsmarketplace/libraries/src/MVC/View/HtmlView.php(425): SppagebuilderModelPage->getItem()
#3 /Users/codeacious3/Sites/lab-jsmarketplace/components/com_sppagebuilder/views/page/view.html.php(24): Joomla\CMS\MVC\View\HtmlView->get('Item')
#4 /Users/codeacious3/Sites/lab-jsmarketplace/libraries/src/MVC/Controller/BaseController.php(672): SppagebuilderViewPage->display()
#5 /Users/codeacious3/Sites/lab-jsmarketplace/components/com_sppagebuilder/controller.php(39): Joomla\CMS\MVC\Controller\BaseController->display(false)
#6 /Users/codeacious3/Sites/lab-jsmarketplace/libraries/src/MVC/Controller/BaseController.php(710): SppagebuilderController->display()
#7 /Users/codeacious3/Sites/lab-jsmarketplace/components/com_sppagebuilder/sppagebuilder.php(26): Joomla\CMS\MVC\Controller\BaseController->execute('')
#8 /Users/codeacious3/Sites/lab-jsmarketplace/libraries/src/Component/ComponentHelper.php(402): require_once('/Users/codeacio...')
#9 /Users/codeacious3/Sites/lab-jsmarketplace/libraries/src/Component/ComponentHelper.php(377): Joomla\CMS\Component\ComponentHelper::executeComponent('/Users/codeacio...')
#10 /Users/codeacious3/Sites/lab-jsmarketplace/libraries/src/Application/SiteApplication.php(194): Joomla\CMS\Component\ComponentHelper::renderComponent('com_sppagebuild...')
#11 /Users/codeacious3/Sites/lab-jsmarketplace/libraries/src/Application/SiteApplication.php(233): Joomla\CMS\Application\SiteApplication->dispatch()
#12 /Users/codeacious3/Sites/lab-jsmarketplace/libraries/src/Application/CMSApplication.php(196): Joomla\CMS\Application\SiteApplication->doExecute()
#13 /Users/codeacious3/Sites/lab-jsmarketplace/index.php(49): Joomla\CMS\Application\CMSApplication->execute()
#14 {main}
2019-05-28T09:38:19+00:00	CRITICAL ::1	error	Uncaught \Throwable of type JException thrown. Stack trace: #0 /Users/codeacious3/Sites/lab-jsmarketplace/libraries/legacy/error/error.php(277): JError::raise(1, 404, 'Page Not Found', NULL, true)
#1 /Users/codeacious3/Sites/lab-jsmarketplace/components/com_sppagebuilder/models/page.php(85): JError::raiseError(404, 'Page Not Found')
#2 /Users/codeacious3/Sites/lab-jsmarketplace/libraries/src/MVC/View/HtmlView.php(425): SppagebuilderModelPage->getItem()
#3 /Users/codeacious3/Sites/lab-jsmarketplace/components/com_sppagebuilder/views/page/view.html.php(24): Joomla\CMS\MVC\View\HtmlView->get('Item')
#4 /Users/codeacious3/Sites/lab-jsmarketplace/libraries/src/MVC/Controller/BaseController.php(672): SppagebuilderViewPage->display()
#5 /Users/codeacious3/Sites/lab-jsmarketplace/components/com_sppagebuilder/controller.php(39): Joomla\CMS\MVC\Controller\BaseController->display(false)
#6 /Users/codeacious3/Sites/lab-jsmarketplace/libraries/src/MVC/Controller/BaseController.php(710): SppagebuilderController->display()
#7 /Users/codeacious3/Sites/lab-jsmarketplace/components/com_sppagebuilder/sppagebuilder.php(26): Joomla\CMS\MVC\Controller\BaseController->execute('')
#8 /Users/codeacious3/Sites/lab-jsmarketplace/libraries/src/Component/ComponentHelper.php(402): require_once('/Users/codeacio...')
#9 /Users/codeacious3/Sites/lab-jsmarketplace/libraries/src/Component/ComponentHelper.php(377): Joomla\CMS\Component\ComponentHelper::executeComponent('/Users/codeacio...')
#10 /Users/codeacious3/Sites/lab-jsmarketplace/libraries/src/Application/SiteApplication.php(194): Joomla\CMS\Component\ComponentHelper::renderComponent('com_sppagebuild...')
#11 /Users/codeacious3/Sites/lab-jsmarketplace/libraries/src/Application/SiteApplication.php(233): Joomla\CMS\Application\SiteApplication->dispatch()
#12 /Users/codeacious3/Sites/lab-jsmarketplace/libraries/src/Application/CMSApplication.php(196): Joomla\CMS\Application\SiteApplication->doExecute()
#13 /Users/codeacious3/Sites/lab-jsmarketplace/index.php(49): Joomla\CMS\Application\CMSApplication->execute()
#14 {main}
2019-05-28T09:38:25+00:00	CRITICAL ::1	error	Uncaught \Throwable of type JException thrown. Stack trace: #0 /Users/codeacious3/Sites/lab-jsmarketplace/libraries/legacy/error/error.php(277): JError::raise(1, 404, 'Page Not Found', NULL, true)
#1 /Users/codeacious3/Sites/lab-jsmarketplace/components/com_sppagebuilder/models/page.php(85): JError::raiseError(404, 'Page Not Found')
#2 /Users/codeacious3/Sites/lab-jsmarketplace/libraries/src/MVC/View/HtmlView.php(425): SppagebuilderModelPage->getItem()
#3 /Users/codeacious3/Sites/lab-jsmarketplace/components/com_sppagebuilder/views/page/view.html.php(24): Joomla\CMS\MVC\View\HtmlView->get('Item')
#4 /Users/codeacious3/Sites/lab-jsmarketplace/libraries/src/MVC/Controller/BaseController.php(672): SppagebuilderViewPage->display()
#5 /Users/codeacious3/Sites/lab-jsmarketplace/components/com_sppagebuilder/controller.php(39): Joomla\CMS\MVC\Controller\BaseController->display(false)
#6 /Users/codeacious3/Sites/lab-jsmarketplace/libraries/src/MVC/Controller/BaseController.php(710): SppagebuilderController->display()
#7 /Users/codeacious3/Sites/lab-jsmarketplace/components/com_sppagebuilder/sppagebuilder.php(26): Joomla\CMS\MVC\Controller\BaseController->execute('')
#8 /Users/codeacious3/Sites/lab-jsmarketplace/libraries/src/Component/ComponentHelper.php(402): require_once('/Users/codeacio...')
#9 /Users/codeacious3/Sites/lab-jsmarketplace/libraries/src/Component/ComponentHelper.php(377): Joomla\CMS\Component\ComponentHelper::executeComponent('/Users/codeacio...')
#10 /Users/codeacious3/Sites/lab-jsmarketplace/libraries/src/Application/SiteApplication.php(194): Joomla\CMS\Component\ComponentHelper::renderComponent('com_sppagebuild...')
#11 /Users/codeacious3/Sites/lab-jsmarketplace/libraries/src/Application/SiteApplication.php(233): Joomla\CMS\Application\SiteApplication->dispatch()
#12 /Users/codeacious3/Sites/lab-jsmarketplace/libraries/src/Application/CMSApplication.php(196): Joomla\CMS\Application\SiteApplication->doExecute()
#13 /Users/codeacious3/Sites/lab-jsmarketplace/index.php(49): Joomla\CMS\Application\CMSApplication->execute()
#14 {main}
2019-05-28T09:41:26+00:00	CRITICAL ::1	error	Uncaught \Throwable of type JException thrown. Stack trace: #0 /Users/codeacious3/Sites/lab-jsmarketplace/libraries/legacy/error/error.php(277): JError::raise(1, 404, 'Page Not Found', NULL, true)
#1 /Users/codeacious3/Sites/lab-jsmarketplace/components/com_sppagebuilder/models/page.php(85): JError::raiseError(404, 'Page Not Found')
#2 /Users/codeacious3/Sites/lab-jsmarketplace/libraries/src/MVC/View/HtmlView.php(425): SppagebuilderModelPage->getItem()
#3 /Users/codeacious3/Sites/lab-jsmarketplace/components/com_sppagebuilder/views/page/view.html.php(24): Joomla\CMS\MVC\View\HtmlView->get('Item')
#4 /Users/codeacious3/Sites/lab-jsmarketplace/libraries/src/MVC/Controller/BaseController.php(672): SppagebuilderViewPage->display()
#5 /Users/codeacious3/Sites/lab-jsmarketplace/components/com_sppagebuilder/controller.php(39): Joomla\CMS\MVC\Controller\BaseController->display(false)
#6 /Users/codeacious3/Sites/lab-jsmarketplace/libraries/src/MVC/Controller/BaseController.php(710): SppagebuilderController->display()
#7 /Users/codeacious3/Sites/lab-jsmarketplace/components/com_sppagebuilder/sppagebuilder.php(26): Joomla\CMS\MVC\Controller\BaseController->execute('')
#8 /Users/codeacious3/Sites/lab-jsmarketplace/libraries/src/Component/ComponentHelper.php(402): require_once('/Users/codeacio...')
#9 /Users/codeacious3/Sites/lab-jsmarketplace/libraries/src/Component/ComponentHelper.php(377): Joomla\CMS\Component\ComponentHelper::executeComponent('/Users/codeacio...')
#10 /Users/codeacious3/Sites/lab-jsmarketplace/libraries/src/Application/SiteApplication.php(194): Joomla\CMS\Component\ComponentHelper::renderComponent('com_sppagebuild...')
#11 /Users/codeacious3/Sites/lab-jsmarketplace/libraries/src/Application/SiteApplication.php(233): Joomla\CMS\Application\SiteApplication->dispatch()
#12 /Users/codeacious3/Sites/lab-jsmarketplace/libraries/src/Application/CMSApplication.php(196): Joomla\CMS\Application\SiteApplication->doExecute()
#13 /Users/codeacious3/Sites/lab-jsmarketplace/index.php(49): Joomla\CMS\Application\CMSApplication->execute()
#14 {main}
2019-05-28T09:41:48+00:00	CRITICAL ::1	error	Uncaught \Throwable of type Joomla\CMS\Router\Exception\RouteNotFoundException thrown. Stack trace: #0 /Users/codeacious3/Sites/lab-jsmarketplace/components/com_sellacious/router.php(1415): SellaciousRouter->parseCategoriesSegments(Array, Array)
#1 /Users/codeacious3/Sites/lab-jsmarketplace/components/com_sellacious/router.php(410): SellaciousRouter->parseProductSegments(Array, Array)
#2 /Users/codeacious3/Sites/lab-jsmarketplace/libraries/src/Router/SiteRouter.php(437): SellaciousRouter->parse(Array)
#3 /Users/codeacious3/Sites/lab-jsmarketplace/libraries/src/Router/Router.php(482): Joomla\CMS\Router\SiteRouter->parseSefRoute(Object(Joomla\CMS\Uri\Uri))
#4 /Users/codeacious3/Sites/lab-jsmarketplace/libraries/src/Router/Router.php(227): Joomla\CMS\Router\Router->_parseSefRoute(Object(Joomla\CMS\Uri\Uri))
#5 /Users/codeacious3/Sites/lab-jsmarketplace/libraries/src/Router/SiteRouter.php(138): Joomla\CMS\Router\Router->parse(Object(Joomla\CMS\Uri\Uri))
#6 /Users/codeacious3/Sites/lab-jsmarketplace/libraries/src/Application/CMSApplication.php(1074): Joomla\CMS\Router\SiteRouter->parse(Object(Joomla\CMS\Uri\Uri))
#7 /Users/codeacious3/Sites/lab-jsmarketplace/libraries/src/Application/SiteApplication.php(796): Joomla\CMS\Application\CMSApplication->route()
#8 /Users/codeacious3/Sites/lab-jsmarketplace/libraries/src/Application/SiteApplication.php(218): Joomla\CMS\Application\SiteApplication->route()
#9 /Users/codeacious3/Sites/lab-jsmarketplace/libraries/src/Application/CMSApplication.php(196): Joomla\CMS\Application\SiteApplication->doExecute()
#10 /Users/codeacious3/Sites/lab-jsmarketplace/index.php(49): Joomla\CMS\Application\CMSApplication->execute()
#11 {main}
