#
#<?php die('Forbidden.'); ?>
#Date: 2019-06-06 07:46:16 UTC
#Software: Joomla Platform 13.1.0 Stable [ Curiosity ] 24-Apr-2013 00:00 GMT

#Fields: datetime	priority clientip	category	message
2019-06-06T07:46:16+00:00	WARNING ::1	jerror	There was no store selected or the selected store was not found. Showing products from all stores.
2019-06-06T07:49:22+00:00	CRITICAL ::1	error	Uncaught \Throwable of type RuntimeException thrown. Stack trace: #0 /Users/codeacious3/Sites/lab-jsmarketplace/libraries/src/MVC/Controller/BaseController.php(710): LoginController->display()
#1 /Users/codeacious3/Sites/lab-jsmarketplace/administrator/components/com_login/login.php(22): Joomla\CMS\MVC\Controller\BaseController->execute('')
#2 /Users/codeacious3/Sites/lab-jsmarketplace/libraries/src/Component/ComponentHelper.php(402): require_once('/Users/codeacio...')
#3 /Users/codeacious3/Sites/lab-jsmarketplace/libraries/src/Component/ComponentHelper.php(377): Joomla\CMS\Component\ComponentHelper::executeComponent('/Users/codeacio...')
#4 /Users/codeacious3/Sites/lab-jsmarketplace/libraries/src/Application/AdministratorApplication.php(101): Joomla\CMS\Component\ComponentHelper::renderComponent('com_login')
#5 /Users/codeacious3/Sites/lab-jsmarketplace/libraries/src/Application/AdministratorApplication.php(159): Joomla\CMS\Application\AdministratorApplication->dispatch()
#6 /Users/codeacious3/Sites/lab-jsmarketplace/libraries/src/Application/CMSApplication.php(196): Joomla\CMS\Application\AdministratorApplication->doExecute()
#7 /Users/codeacious3/Sites/lab-jsmarketplace/administrator/index.php(51): Joomla\CMS\Application\CMSApplication->execute()
#8 {main}
2019-06-06T08:03:22+00:00	CRITICAL ::1	error	Uncaught \Throwable of type RuntimeException thrown. Stack trace: #0 /Users/codeacious3/Sites/lab-jsmarketplace/libraries/src/MVC/Controller/BaseController.php(710): LoginController->display()
#1 /Users/codeacious3/Sites/lab-jsmarketplace/administrator/components/com_login/login.php(22): Joomla\CMS\MVC\Controller\BaseController->execute('')
#2 /Users/codeacious3/Sites/lab-jsmarketplace/libraries/src/Component/ComponentHelper.php(402): require_once('/Users/codeacio...')
#3 /Users/codeacious3/Sites/lab-jsmarketplace/libraries/src/Component/ComponentHelper.php(377): Joomla\CMS\Component\ComponentHelper::executeComponent('/Users/codeacio...')
#4 /Users/codeacious3/Sites/lab-jsmarketplace/libraries/src/Application/AdministratorApplication.php(101): Joomla\CMS\Component\ComponentHelper::renderComponent('com_login')
#5 /Users/codeacious3/Sites/lab-jsmarketplace/libraries/src/Application/AdministratorApplication.php(159): Joomla\CMS\Application\AdministratorApplication->dispatch()
#6 /Users/codeacious3/Sites/lab-jsmarketplace/libraries/src/Application/CMSApplication.php(196): Joomla\CMS\Application\AdministratorApplication->doExecute()
#7 /Users/codeacious3/Sites/lab-jsmarketplace/administrator/index.php(51): Joomla\CMS\Application\CMSApplication->execute()
#8 {main}
2019-06-06T08:18:24+00:00	CRITICAL ::1	error	Uncaught \Throwable of type RuntimeException thrown. Stack trace: #0 /Users/codeacious3/Sites/lab-jsmarketplace/libraries/src/MVC/Controller/BaseController.php(710): LoginController->display()
#1 /Users/codeacious3/Sites/lab-jsmarketplace/administrator/components/com_login/login.php(22): Joomla\CMS\MVC\Controller\BaseController->execute('')
#2 /Users/codeacious3/Sites/lab-jsmarketplace/libraries/src/Component/ComponentHelper.php(402): require_once('/Users/codeacio...')
#3 /Users/codeacious3/Sites/lab-jsmarketplace/libraries/src/Component/ComponentHelper.php(377): Joomla\CMS\Component\ComponentHelper::executeComponent('/Users/codeacio...')
#4 /Users/codeacious3/Sites/lab-jsmarketplace/libraries/src/Application/AdministratorApplication.php(101): Joomla\CMS\Component\ComponentHelper::renderComponent('com_login')
#5 /Users/codeacious3/Sites/lab-jsmarketplace/libraries/src/Application/AdministratorApplication.php(159): Joomla\CMS\Application\AdministratorApplication->dispatch()
#6 /Users/codeacious3/Sites/lab-jsmarketplace/libraries/src/Application/CMSApplication.php(196): Joomla\CMS\Application\AdministratorApplication->doExecute()
#7 /Users/codeacious3/Sites/lab-jsmarketplace/administrator/index.php(51): Joomla\CMS\Application\CMSApplication->execute()
#8 {main}
2019-06-06T08:31:22+00:00	CRITICAL ::1	error	Uncaught \Throwable of type RuntimeException thrown. Stack trace: #0 /Users/codeacious3/Sites/lab-jsmarketplace/libraries/src/MVC/Controller/BaseController.php(710): LoginController->display()
#1 /Users/codeacious3/Sites/lab-jsmarketplace/administrator/components/com_login/login.php(22): Joomla\CMS\MVC\Controller\BaseController->execute('')
#2 /Users/codeacious3/Sites/lab-jsmarketplace/libraries/src/Component/ComponentHelper.php(402): require_once('/Users/codeacio...')
#3 /Users/codeacious3/Sites/lab-jsmarketplace/libraries/src/Component/ComponentHelper.php(377): Joomla\CMS\Component\ComponentHelper::executeComponent('/Users/codeacio...')
#4 /Users/codeacious3/Sites/lab-jsmarketplace/libraries/src/Application/AdministratorApplication.php(101): Joomla\CMS\Component\ComponentHelper::renderComponent('com_login')
#5 /Users/codeacious3/Sites/lab-jsmarketplace/libraries/src/Application/AdministratorApplication.php(159): Joomla\CMS\Application\AdministratorApplication->dispatch()
#6 /Users/codeacious3/Sites/lab-jsmarketplace/libraries/src/Application/CMSApplication.php(196): Joomla\CMS\Application\AdministratorApplication->doExecute()
#7 /Users/codeacious3/Sites/lab-jsmarketplace/administrator/index.php(51): Joomla\CMS\Application\CMSApplication->execute()
#8 {main}
2019-06-06T09:28:43+00:00	CRITICAL ::1	error	Uncaught \Throwable of type JException thrown. Stack trace: #0 /Users/codeacious3/Sites/lab-jsmarketplace/libraries/legacy/error/error.php(277): JError::raise(1, 404, 'Page Not Found', NULL, true)
#1 /Users/codeacious3/Sites/lab-jsmarketplace/components/com_sppagebuilder/models/page.php(85): JError::raiseError(404, 'Page Not Found')
#2 /Users/codeacious3/Sites/lab-jsmarketplace/libraries/src/MVC/View/HtmlView.php(425): SppagebuilderModelPage->getItem()
#3 /Users/codeacious3/Sites/lab-jsmarketplace/components/com_sppagebuilder/views/page/view.html.php(24): Joomla\CMS\MVC\View\HtmlView->get('Item')
#4 /Users/codeacious3/Sites/lab-jsmarketplace/libraries/src/MVC/Controller/BaseController.php(672): SppagebuilderViewPage->display()
#5 /Users/codeacious3/Sites/lab-jsmarketplace/components/com_sppagebuilder/controller.php(39): Joomla\CMS\MVC\Controller\BaseController->display(false)
#6 /Users/codeacious3/Sites/lab-jsmarketplace/libraries/src/MVC/Controller/BaseController.php(710): SppagebuilderController->display()
#7 /Users/codeacious3/Sites/lab-jsmarketplace/components/com_sppagebuilder/sppagebuilder.php(26): Joomla\CMS\MVC\Controller\BaseController->execute('')
#8 /Users/codeacious3/Sites/lab-jsmarketplace/libraries/src/Component/ComponentHelper.php(402): require_once('/Users/codeacio...')
#9 /Users/codeacious3/Sites/lab-jsmarketplace/libraries/src/Component/ComponentHelper.php(377): Joomla\CMS\Component\ComponentHelper::executeComponent('/Users/codeacio...')
#10 /Users/codeacious3/Sites/lab-jsmarketplace/libraries/src/Application/SiteApplication.php(194): Joomla\CMS\Component\ComponentHelper::renderComponent('com_sppagebuild...')
#11 /Users/codeacious3/Sites/lab-jsmarketplace/libraries/src/Application/SiteApplication.php(233): Joomla\CMS\Application\SiteApplication->dispatch()
#12 /Users/codeacious3/Sites/lab-jsmarketplace/libraries/src/Application/CMSApplication.php(196): Joomla\CMS\Application\SiteApplication->doExecute()
#13 /Users/codeacious3/Sites/lab-jsmarketplace/index.php(49): Joomla\CMS\Application\CMSApplication->execute()
#14 {main}
2019-06-06T09:37:36+00:00	CRITICAL ::1	error	Uncaught \Throwable of type JException thrown. Stack trace: #0 /Users/codeacious3/Sites/lab-jsmarketplace/libraries/legacy/error/error.php(277): JError::raise(1, 404, 'Page Not Found', NULL, true)
#1 /Users/codeacious3/Sites/lab-jsmarketplace/components/com_sppagebuilder/models/page.php(85): JError::raiseError(404, 'Page Not Found')
#2 /Users/codeacious3/Sites/lab-jsmarketplace/libraries/src/MVC/View/HtmlView.php(425): SppagebuilderModelPage->getItem()
#3 /Users/codeacious3/Sites/lab-jsmarketplace/components/com_sppagebuilder/views/page/view.html.php(24): Joomla\CMS\MVC\View\HtmlView->get('Item')
#4 /Users/codeacious3/Sites/lab-jsmarketplace/libraries/src/MVC/Controller/BaseController.php(672): SppagebuilderViewPage->display()
#5 /Users/codeacious3/Sites/lab-jsmarketplace/components/com_sppagebuilder/controller.php(39): Joomla\CMS\MVC\Controller\BaseController->display(false)
#6 /Users/codeacious3/Sites/lab-jsmarketplace/libraries/src/MVC/Controller/BaseController.php(710): SppagebuilderController->display()
#7 /Users/codeacious3/Sites/lab-jsmarketplace/components/com_sppagebuilder/sppagebuilder.php(26): Joomla\CMS\MVC\Controller\BaseController->execute('')
#8 /Users/codeacious3/Sites/lab-jsmarketplace/libraries/src/Component/ComponentHelper.php(402): require_once('/Users/codeacio...')
#9 /Users/codeacious3/Sites/lab-jsmarketplace/libraries/src/Component/ComponentHelper.php(377): Joomla\CMS\Component\ComponentHelper::executeComponent('/Users/codeacio...')
#10 /Users/codeacious3/Sites/lab-jsmarketplace/libraries/src/Application/SiteApplication.php(194): Joomla\CMS\Component\ComponentHelper::renderComponent('com_sppagebuild...')
#11 /Users/codeacious3/Sites/lab-jsmarketplace/libraries/src/Application/SiteApplication.php(233): Joomla\CMS\Application\SiteApplication->dispatch()
#12 /Users/codeacious3/Sites/lab-jsmarketplace/libraries/src/Application/CMSApplication.php(196): Joomla\CMS\Application\SiteApplication->doExecute()
#13 /Users/codeacious3/Sites/lab-jsmarketplace/index.php(49): Joomla\CMS\Application\CMSApplication->execute()
#14 {main}
2019-06-06T09:38:09+00:00	CRITICAL ::1	error	Uncaught \Throwable of type Joomla\CMS\Router\Exception\RouteNotFoundException thrown. Stack trace: #0 /Users/codeacious3/Sites/lab-jsmarketplace/components/com_sellacious/router.php(1415): SellaciousRouter->parseCategoriesSegments(Array, Array)
#1 /Users/codeacious3/Sites/lab-jsmarketplace/components/com_sellacious/router.php(410): SellaciousRouter->parseProductSegments(Array, Array)
#2 /Users/codeacious3/Sites/lab-jsmarketplace/libraries/src/Router/SiteRouter.php(437): SellaciousRouter->parse(Array)
#3 /Users/codeacious3/Sites/lab-jsmarketplace/libraries/src/Router/Router.php(482): Joomla\CMS\Router\SiteRouter->parseSefRoute(Object(Joomla\CMS\Uri\Uri))
#4 /Users/codeacious3/Sites/lab-jsmarketplace/libraries/src/Router/Router.php(227): Joomla\CMS\Router\Router->_parseSefRoute(Object(Joomla\CMS\Uri\Uri))
#5 /Users/codeacious3/Sites/lab-jsmarketplace/libraries/src/Router/SiteRouter.php(138): Joomla\CMS\Router\Router->parse(Object(Joomla\CMS\Uri\Uri))
#6 /Users/codeacious3/Sites/lab-jsmarketplace/libraries/src/Application/CMSApplication.php(1074): Joomla\CMS\Router\SiteRouter->parse(Object(Joomla\CMS\Uri\Uri))
#7 /Users/codeacious3/Sites/lab-jsmarketplace/libraries/src/Application/SiteApplication.php(796): Joomla\CMS\Application\CMSApplication->route()
#8 /Users/codeacious3/Sites/lab-jsmarketplace/libraries/src/Application/SiteApplication.php(218): Joomla\CMS\Application\SiteApplication->route()
#9 /Users/codeacious3/Sites/lab-jsmarketplace/libraries/src/Application/CMSApplication.php(196): Joomla\CMS\Application\SiteApplication->doExecute()
#10 /Users/codeacious3/Sites/lab-jsmarketplace/index.php(49): Joomla\CMS\Application\CMSApplication->execute()
#11 {main}
2019-06-06T09:38:14+00:00	CRITICAL ::1	error	Uncaught \Throwable of type Joomla\CMS\Router\Exception\RouteNotFoundException thrown. Stack trace: #0 /Users/codeacious3/Sites/lab-jsmarketplace/components/com_sellacious/router.php(1415): SellaciousRouter->parseCategoriesSegments(Array, Array)
#1 /Users/codeacious3/Sites/lab-jsmarketplace/components/com_sellacious/router.php(410): SellaciousRouter->parseProductSegments(Array, Array)
#2 /Users/codeacious3/Sites/lab-jsmarketplace/libraries/src/Router/SiteRouter.php(437): SellaciousRouter->parse(Array)
#3 /Users/codeacious3/Sites/lab-jsmarketplace/libraries/src/Router/Router.php(482): Joomla\CMS\Router\SiteRouter->parseSefRoute(Object(Joomla\CMS\Uri\Uri))
#4 /Users/codeacious3/Sites/lab-jsmarketplace/libraries/src/Router/Router.php(227): Joomla\CMS\Router\Router->_parseSefRoute(Object(Joomla\CMS\Uri\Uri))
#5 /Users/codeacious3/Sites/lab-jsmarketplace/libraries/src/Router/SiteRouter.php(138): Joomla\CMS\Router\Router->parse(Object(Joomla\CMS\Uri\Uri))
#6 /Users/codeacious3/Sites/lab-jsmarketplace/libraries/src/Application/CMSApplication.php(1074): Joomla\CMS\Router\SiteRouter->parse(Object(Joomla\CMS\Uri\Uri))
#7 /Users/codeacious3/Sites/lab-jsmarketplace/libraries/src/Application/SiteApplication.php(796): Joomla\CMS\Application\CMSApplication->route()
#8 /Users/codeacious3/Sites/lab-jsmarketplace/libraries/src/Application/SiteApplication.php(218): Joomla\CMS\Application\SiteApplication->route()
#9 /Users/codeacious3/Sites/lab-jsmarketplace/libraries/src/Application/CMSApplication.php(196): Joomla\CMS\Application\SiteApplication->doExecute()
#10 /Users/codeacious3/Sites/lab-jsmarketplace/index.php(49): Joomla\CMS\Application\CMSApplication->execute()
#11 {main}
2019-06-06T09:38:16+00:00	CRITICAL ::1	error	Uncaught \Throwable of type Joomla\CMS\Router\Exception\RouteNotFoundException thrown. Stack trace: #0 /Users/codeacious3/Sites/lab-jsmarketplace/components/com_sellacious/router.php(1415): SellaciousRouter->parseCategoriesSegments(Array, Array)
#1 /Users/codeacious3/Sites/lab-jsmarketplace/components/com_sellacious/router.php(410): SellaciousRouter->parseProductSegments(Array, Array)
#2 /Users/codeacious3/Sites/lab-jsmarketplace/libraries/src/Router/SiteRouter.php(437): SellaciousRouter->parse(Array)
#3 /Users/codeacious3/Sites/lab-jsmarketplace/libraries/src/Router/Router.php(482): Joomla\CMS\Router\SiteRouter->parseSefRoute(Object(Joomla\CMS\Uri\Uri))
#4 /Users/codeacious3/Sites/lab-jsmarketplace/libraries/src/Router/Router.php(227): Joomla\CMS\Router\Router->_parseSefRoute(Object(Joomla\CMS\Uri\Uri))
#5 /Users/codeacious3/Sites/lab-jsmarketplace/libraries/src/Router/SiteRouter.php(138): Joomla\CMS\Router\Router->parse(Object(Joomla\CMS\Uri\Uri))
#6 /Users/codeacious3/Sites/lab-jsmarketplace/libraries/src/Application/CMSApplication.php(1074): Joomla\CMS\Router\SiteRouter->parse(Object(Joomla\CMS\Uri\Uri))
#7 /Users/codeacious3/Sites/lab-jsmarketplace/libraries/src/Application/SiteApplication.php(796): Joomla\CMS\Application\CMSApplication->route()
#8 /Users/codeacious3/Sites/lab-jsmarketplace/libraries/src/Application/SiteApplication.php(218): Joomla\CMS\Application\SiteApplication->route()
#9 /Users/codeacious3/Sites/lab-jsmarketplace/libraries/src/Application/CMSApplication.php(196): Joomla\CMS\Application\SiteApplication->doExecute()
#10 /Users/codeacious3/Sites/lab-jsmarketplace/index.php(49): Joomla\CMS\Application\CMSApplication->execute()
#11 {main}
2019-06-06T09:38:37+00:00	CRITICAL ::1	error	Uncaught \Throwable of type Joomla\CMS\Router\Exception\RouteNotFoundException thrown. Stack trace: #0 /Users/codeacious3/Sites/lab-jsmarketplace/components/com_sellacious/router.php(1415): SellaciousRouter->parseCategoriesSegments(Array, Array)
#1 /Users/codeacious3/Sites/lab-jsmarketplace/components/com_sellacious/router.php(410): SellaciousRouter->parseProductSegments(Array, Array)
#2 /Users/codeacious3/Sites/lab-jsmarketplace/libraries/src/Router/SiteRouter.php(437): SellaciousRouter->parse(Array)
#3 /Users/codeacious3/Sites/lab-jsmarketplace/libraries/src/Router/Router.php(482): Joomla\CMS\Router\SiteRouter->parseSefRoute(Object(Joomla\CMS\Uri\Uri))
#4 /Users/codeacious3/Sites/lab-jsmarketplace/libraries/src/Router/Router.php(227): Joomla\CMS\Router\Router->_parseSefRoute(Object(Joomla\CMS\Uri\Uri))
#5 /Users/codeacious3/Sites/lab-jsmarketplace/libraries/src/Router/SiteRouter.php(138): Joomla\CMS\Router\Router->parse(Object(Joomla\CMS\Uri\Uri))
#6 /Users/codeacious3/Sites/lab-jsmarketplace/libraries/src/Application/CMSApplication.php(1074): Joomla\CMS\Router\SiteRouter->parse(Object(Joomla\CMS\Uri\Uri))
#7 /Users/codeacious3/Sites/lab-jsmarketplace/libraries/src/Application/SiteApplication.php(796): Joomla\CMS\Application\CMSApplication->route()
#8 /Users/codeacious3/Sites/lab-jsmarketplace/libraries/src/Application/SiteApplication.php(218): Joomla\CMS\Application\SiteApplication->route()
#9 /Users/codeacious3/Sites/lab-jsmarketplace/libraries/src/Application/CMSApplication.php(196): Joomla\CMS\Application\SiteApplication->doExecute()
#10 /Users/codeacious3/Sites/lab-jsmarketplace/index.php(49): Joomla\CMS\Application\CMSApplication->execute()
#11 {main}
2019-06-06T09:38:46+00:00	CRITICAL ::1	error	Uncaught \Throwable of type Joomla\CMS\Router\Exception\RouteNotFoundException thrown. Stack trace: #0 /Users/codeacious3/Sites/lab-jsmarketplace/components/com_sellacious/router.php(1415): SellaciousRouter->parseCategoriesSegments(Array, Array)
#1 /Users/codeacious3/Sites/lab-jsmarketplace/components/com_sellacious/router.php(410): SellaciousRouter->parseProductSegments(Array, Array)
#2 /Users/codeacious3/Sites/lab-jsmarketplace/libraries/src/Router/SiteRouter.php(437): SellaciousRouter->parse(Array)
#3 /Users/codeacious3/Sites/lab-jsmarketplace/libraries/src/Router/Router.php(482): Joomla\CMS\Router\SiteRouter->parseSefRoute(Object(Joomla\CMS\Uri\Uri))
#4 /Users/codeacious3/Sites/lab-jsmarketplace/libraries/src/Router/Router.php(227): Joomla\CMS\Router\Router->_parseSefRoute(Object(Joomla\CMS\Uri\Uri))
#5 /Users/codeacious3/Sites/lab-jsmarketplace/libraries/src/Router/SiteRouter.php(138): Joomla\CMS\Router\Router->parse(Object(Joomla\CMS\Uri\Uri))
#6 /Users/codeacious3/Sites/lab-jsmarketplace/libraries/src/Application/CMSApplication.php(1074): Joomla\CMS\Router\SiteRouter->parse(Object(Joomla\CMS\Uri\Uri))
#7 /Users/codeacious3/Sites/lab-jsmarketplace/libraries/src/Application/SiteApplication.php(796): Joomla\CMS\Application\CMSApplication->route()
#8 /Users/codeacious3/Sites/lab-jsmarketplace/libraries/src/Application/SiteApplication.php(218): Joomla\CMS\Application\SiteApplication->route()
#9 /Users/codeacious3/Sites/lab-jsmarketplace/libraries/src/Application/CMSApplication.php(196): Joomla\CMS\Application\SiteApplication->doExecute()
#10 /Users/codeacious3/Sites/lab-jsmarketplace/index.php(49): Joomla\CMS\Application\CMSApplication->execute()
#11 {main}
2019-06-06T09:38:49+00:00	CRITICAL ::1	error	Uncaught \Throwable of type Joomla\CMS\Router\Exception\RouteNotFoundException thrown. Stack trace: #0 /Users/codeacious3/Sites/lab-jsmarketplace/components/com_sellacious/router.php(1415): SellaciousRouter->parseCategoriesSegments(Array, Array)
#1 /Users/codeacious3/Sites/lab-jsmarketplace/components/com_sellacious/router.php(410): SellaciousRouter->parseProductSegments(Array, Array)
#2 /Users/codeacious3/Sites/lab-jsmarketplace/libraries/src/Router/SiteRouter.php(437): SellaciousRouter->parse(Array)
#3 /Users/codeacious3/Sites/lab-jsmarketplace/libraries/src/Router/Router.php(482): Joomla\CMS\Router\SiteRouter->parseSefRoute(Object(Joomla\CMS\Uri\Uri))
#4 /Users/codeacious3/Sites/lab-jsmarketplace/libraries/src/Router/Router.php(227): Joomla\CMS\Router\Router->_parseSefRoute(Object(Joomla\CMS\Uri\Uri))
#5 /Users/codeacious3/Sites/lab-jsmarketplace/libraries/src/Router/SiteRouter.php(138): Joomla\CMS\Router\Router->parse(Object(Joomla\CMS\Uri\Uri))
#6 /Users/codeacious3/Sites/lab-jsmarketplace/libraries/src/Application/CMSApplication.php(1074): Joomla\CMS\Router\SiteRouter->parse(Object(Joomla\CMS\Uri\Uri))
#7 /Users/codeacious3/Sites/lab-jsmarketplace/libraries/src/Application/SiteApplication.php(796): Joomla\CMS\Application\CMSApplication->route()
#8 /Users/codeacious3/Sites/lab-jsmarketplace/libraries/src/Application/SiteApplication.php(218): Joomla\CMS\Application\SiteApplication->route()
#9 /Users/codeacious3/Sites/lab-jsmarketplace/libraries/src/Application/CMSApplication.php(196): Joomla\CMS\Application\SiteApplication->doExecute()
#10 /Users/codeacious3/Sites/lab-jsmarketplace/index.php(49): Joomla\CMS\Application\CMSApplication->execute()
#11 {main}
2019-06-06T09:39:57+00:00	CRITICAL ::1	error	Uncaught \Throwable of type JException thrown. Stack trace: #0 /Users/codeacious3/Sites/lab-jsmarketplace/libraries/legacy/error/error.php(277): JError::raise(1, 404, 'Page Not Found', NULL, true)
#1 /Users/codeacious3/Sites/lab-jsmarketplace/components/com_sppagebuilder/models/page.php(85): JError::raiseError(404, 'Page Not Found')
#2 /Users/codeacious3/Sites/lab-jsmarketplace/libraries/src/MVC/View/HtmlView.php(425): SppagebuilderModelPage->getItem()
#3 /Users/codeacious3/Sites/lab-jsmarketplace/components/com_sppagebuilder/views/page/view.html.php(24): Joomla\CMS\MVC\View\HtmlView->get('Item')
#4 /Users/codeacious3/Sites/lab-jsmarketplace/libraries/src/MVC/Controller/BaseController.php(672): SppagebuilderViewPage->display()
#5 /Users/codeacious3/Sites/lab-jsmarketplace/components/com_sppagebuilder/controller.php(39): Joomla\CMS\MVC\Controller\BaseController->display(false)
#6 /Users/codeacious3/Sites/lab-jsmarketplace/libraries/src/MVC/Controller/BaseController.php(710): SppagebuilderController->display()
#7 /Users/codeacious3/Sites/lab-jsmarketplace/components/com_sppagebuilder/sppagebuilder.php(26): Joomla\CMS\MVC\Controller\BaseController->execute('')
#8 /Users/codeacious3/Sites/lab-jsmarketplace/libraries/src/Component/ComponentHelper.php(402): require_once('/Users/codeacio...')
#9 /Users/codeacious3/Sites/lab-jsmarketplace/libraries/src/Component/ComponentHelper.php(377): Joomla\CMS\Component\ComponentHelper::executeComponent('/Users/codeacio...')
#10 /Users/codeacious3/Sites/lab-jsmarketplace/libraries/src/Application/SiteApplication.php(194): Joomla\CMS\Component\ComponentHelper::renderComponent('com_sppagebuild...')
#11 /Users/codeacious3/Sites/lab-jsmarketplace/libraries/src/Application/SiteApplication.php(233): Joomla\CMS\Application\SiteApplication->dispatch()
#12 /Users/codeacious3/Sites/lab-jsmarketplace/libraries/src/Application/CMSApplication.php(196): Joomla\CMS\Application\SiteApplication->doExecute()
#13 /Users/codeacious3/Sites/lab-jsmarketplace/index.php(49): Joomla\CMS\Application\CMSApplication->execute()
#14 {main}
2019-06-06T09:42:47+00:00	CRITICAL ::1	error	Uncaught \Throwable of type JException thrown. Stack trace: #0 /Users/codeacious3/Sites/lab-jsmarketplace/libraries/legacy/error/error.php(277): JError::raise(1, 404, 'Page Not Found', NULL, true)
#1 /Users/codeacious3/Sites/lab-jsmarketplace/components/com_sppagebuilder/models/page.php(85): JError::raiseError(404, 'Page Not Found')
#2 /Users/codeacious3/Sites/lab-jsmarketplace/libraries/src/MVC/View/HtmlView.php(425): SppagebuilderModelPage->getItem()
#3 /Users/codeacious3/Sites/lab-jsmarketplace/components/com_sppagebuilder/views/page/view.html.php(24): Joomla\CMS\MVC\View\HtmlView->get('Item')
#4 /Users/codeacious3/Sites/lab-jsmarketplace/libraries/src/MVC/Controller/BaseController.php(672): SppagebuilderViewPage->display()
#5 /Users/codeacious3/Sites/lab-jsmarketplace/components/com_sppagebuilder/controller.php(39): Joomla\CMS\MVC\Controller\BaseController->display(false)
#6 /Users/codeacious3/Sites/lab-jsmarketplace/libraries/src/MVC/Controller/BaseController.php(710): SppagebuilderController->display()
#7 /Users/codeacious3/Sites/lab-jsmarketplace/components/com_sppagebuilder/sppagebuilder.php(26): Joomla\CMS\MVC\Controller\BaseController->execute('')
#8 /Users/codeacious3/Sites/lab-jsmarketplace/libraries/src/Component/ComponentHelper.php(402): require_once('/Users/codeacio...')
#9 /Users/codeacious3/Sites/lab-jsmarketplace/libraries/src/Component/ComponentHelper.php(377): Joomla\CMS\Component\ComponentHelper::executeComponent('/Users/codeacio...')
#10 /Users/codeacious3/Sites/lab-jsmarketplace/libraries/src/Application/SiteApplication.php(194): Joomla\CMS\Component\ComponentHelper::renderComponent('com_sppagebuild...')
#11 /Users/codeacious3/Sites/lab-jsmarketplace/libraries/src/Application/SiteApplication.php(233): Joomla\CMS\Application\SiteApplication->dispatch()
#12 /Users/codeacious3/Sites/lab-jsmarketplace/libraries/src/Application/CMSApplication.php(196): Joomla\CMS\Application\SiteApplication->doExecute()
#13 /Users/codeacious3/Sites/lab-jsmarketplace/index.php(49): Joomla\CMS\Application\CMSApplication->execute()
#14 {main}
2019-06-06T09:43:01+00:00	CRITICAL ::1	error	Uncaught \Throwable of type JException thrown. Stack trace: #0 /Users/codeacious3/Sites/lab-jsmarketplace/libraries/legacy/error/error.php(277): JError::raise(1, 404, 'Page Not Found', NULL, true)
#1 /Users/codeacious3/Sites/lab-jsmarketplace/components/com_sppagebuilder/models/page.php(85): JError::raiseError(404, 'Page Not Found')
#2 /Users/codeacious3/Sites/lab-jsmarketplace/libraries/src/MVC/View/HtmlView.php(425): SppagebuilderModelPage->getItem()
#3 /Users/codeacious3/Sites/lab-jsmarketplace/components/com_sppagebuilder/views/page/view.html.php(24): Joomla\CMS\MVC\View\HtmlView->get('Item')
#4 /Users/codeacious3/Sites/lab-jsmarketplace/libraries/src/MVC/Controller/BaseController.php(672): SppagebuilderViewPage->display()
#5 /Users/codeacious3/Sites/lab-jsmarketplace/components/com_sppagebuilder/controller.php(39): Joomla\CMS\MVC\Controller\BaseController->display(false)
#6 /Users/codeacious3/Sites/lab-jsmarketplace/libraries/src/MVC/Controller/BaseController.php(710): SppagebuilderController->display()
#7 /Users/codeacious3/Sites/lab-jsmarketplace/components/com_sppagebuilder/sppagebuilder.php(26): Joomla\CMS\MVC\Controller\BaseController->execute('')
#8 /Users/codeacious3/Sites/lab-jsmarketplace/libraries/src/Component/ComponentHelper.php(402): require_once('/Users/codeacio...')
#9 /Users/codeacious3/Sites/lab-jsmarketplace/libraries/src/Component/ComponentHelper.php(377): Joomla\CMS\Component\ComponentHelper::executeComponent('/Users/codeacio...')
#10 /Users/codeacious3/Sites/lab-jsmarketplace/libraries/src/Application/SiteApplication.php(194): Joomla\CMS\Component\ComponentHelper::renderComponent('com_sppagebuild...')
#11 /Users/codeacious3/Sites/lab-jsmarketplace/libraries/src/Application/SiteApplication.php(233): Joomla\CMS\Application\SiteApplication->dispatch()
#12 /Users/codeacious3/Sites/lab-jsmarketplace/libraries/src/Application/CMSApplication.php(196): Joomla\CMS\Application\SiteApplication->doExecute()
#13 /Users/codeacious3/Sites/lab-jsmarketplace/index.php(49): Joomla\CMS\Application\CMSApplication->execute()
#14 {main}
2019-06-06T09:53:13+00:00	CRITICAL 192.168.100.111	error	Uncaught \Throwable of type JException thrown. Stack trace: #0 /Users/codeacious3/Sites/lab-jsmarketplace/libraries/legacy/error/error.php(277): JError::raise(1, 404, 'Page Not Found', NULL, true)
#1 /Users/codeacious3/Sites/lab-jsmarketplace/components/com_sppagebuilder/models/page.php(85): JError::raiseError(404, 'Page Not Found')
#2 /Users/codeacious3/Sites/lab-jsmarketplace/libraries/src/MVC/View/HtmlView.php(425): SppagebuilderModelPage->getItem()
#3 /Users/codeacious3/Sites/lab-jsmarketplace/components/com_sppagebuilder/views/page/view.html.php(24): Joomla\CMS\MVC\View\HtmlView->get('Item')
#4 /Users/codeacious3/Sites/lab-jsmarketplace/libraries/src/MVC/Controller/BaseController.php(672): SppagebuilderViewPage->display()
#5 /Users/codeacious3/Sites/lab-jsmarketplace/components/com_sppagebuilder/controller.php(39): Joomla\CMS\MVC\Controller\BaseController->display(false)
#6 /Users/codeacious3/Sites/lab-jsmarketplace/libraries/src/MVC/Controller/BaseController.php(710): SppagebuilderController->display()
#7 /Users/codeacious3/Sites/lab-jsmarketplace/components/com_sppagebuilder/sppagebuilder.php(26): Joomla\CMS\MVC\Controller\BaseController->execute('')
#8 /Users/codeacious3/Sites/lab-jsmarketplace/libraries/src/Component/ComponentHelper.php(402): require_once('/Users/codeacio...')
#9 /Users/codeacious3/Sites/lab-jsmarketplace/libraries/src/Component/ComponentHelper.php(377): Joomla\CMS\Component\ComponentHelper::executeComponent('/Users/codeacio...')
#10 /Users/codeacious3/Sites/lab-jsmarketplace/libraries/src/Application/SiteApplication.php(194): Joomla\CMS\Component\ComponentHelper::renderComponent('com_sppagebuild...')
#11 /Users/codeacious3/Sites/lab-jsmarketplace/libraries/src/Application/SiteApplication.php(233): Joomla\CMS\Application\SiteApplication->dispatch()
#12 /Users/codeacious3/Sites/lab-jsmarketplace/libraries/src/Application/CMSApplication.php(196): Joomla\CMS\Application\SiteApplication->doExecute()
#13 /Users/codeacious3/Sites/lab-jsmarketplace/index.php(49): Joomla\CMS\Application\CMSApplication->execute()
#14 {main}
2019-06-06T10:04:00+00:00	WARNING 192.168.100.111	jerror	There was no store selected or the selected store was not found. Showing products from all stores.
2019-06-06T10:41:13+00:00	CRITICAL 192.168.100.111	error	Uncaught \Throwable of type Joomla\CMS\Router\Exception\RouteNotFoundException thrown. Stack trace: #0 /Users/codeacious3/Sites/lab-jsmarketplace/components/com_sellacious/router.php(410): SellaciousRouter->parseCategoriesSegments(Array, Array)
#1 /Users/codeacious3/Sites/lab-jsmarketplace/libraries/src/Router/SiteRouter.php(437): SellaciousRouter->parse(Array)
#2 /Users/codeacious3/Sites/lab-jsmarketplace/libraries/src/Router/Router.php(482): Joomla\CMS\Router\SiteRouter->parseSefRoute(Object(Joomla\CMS\Uri\Uri))
#3 /Users/codeacious3/Sites/lab-jsmarketplace/libraries/src/Router/Router.php(227): Joomla\CMS\Router\Router->_parseSefRoute(Object(Joomla\CMS\Uri\Uri))
#4 /Users/codeacious3/Sites/lab-jsmarketplace/libraries/src/Router/SiteRouter.php(138): Joomla\CMS\Router\Router->parse(Object(Joomla\CMS\Uri\Uri))
#5 /Users/codeacious3/Sites/lab-jsmarketplace/libraries/src/Application/CMSApplication.php(1074): Joomla\CMS\Router\SiteRouter->parse(Object(Joomla\CMS\Uri\Uri))
#6 /Users/codeacious3/Sites/lab-jsmarketplace/libraries/src/Application/SiteApplication.php(796): Joomla\CMS\Application\CMSApplication->route()
#7 /Users/codeacious3/Sites/lab-jsmarketplace/libraries/src/Application/SiteApplication.php(218): Joomla\CMS\Application\SiteApplication->route()
#8 /Users/codeacious3/Sites/lab-jsmarketplace/libraries/src/Application/CMSApplication.php(196): Joomla\CMS\Application\SiteApplication->doExecute()
#9 /Users/codeacious3/Sites/lab-jsmarketplace/index.php(49): Joomla\CMS\Application\CMSApplication->execute()
#10 {main}
2019-06-06T12:04:42+00:00	CRITICAL ::1	error	Uncaught \Throwable of type JException thrown. Stack trace: #0 /Users/codeacious3/Sites/lab-jsmarketplace/libraries/legacy/error/error.php(277): JError::raise(1, 404, 'Page Not Found', NULL, true)
#1 /Users/codeacious3/Sites/lab-jsmarketplace/components/com_sppagebuilder/models/page.php(85): JError::raiseError(404, 'Page Not Found')
#2 /Users/codeacious3/Sites/lab-jsmarketplace/libraries/src/MVC/View/HtmlView.php(425): SppagebuilderModelPage->getItem()
#3 /Users/codeacious3/Sites/lab-jsmarketplace/components/com_sppagebuilder/views/page/view.html.php(24): Joomla\CMS\MVC\View\HtmlView->get('Item')
#4 /Users/codeacious3/Sites/lab-jsmarketplace/libraries/src/MVC/Controller/BaseController.php(672): SppagebuilderViewPage->display()
#5 /Users/codeacious3/Sites/lab-jsmarketplace/components/com_sppagebuilder/controller.php(39): Joomla\CMS\MVC\Controller\BaseController->display(false)
#6 /Users/codeacious3/Sites/lab-jsmarketplace/libraries/src/MVC/Controller/BaseController.php(710): SppagebuilderController->display()
#7 /Users/codeacious3/Sites/lab-jsmarketplace/components/com_sppagebuilder/sppagebuilder.php(26): Joomla\CMS\MVC\Controller\BaseController->execute('')
#8 /Users/codeacious3/Sites/lab-jsmarketplace/libraries/src/Component/ComponentHelper.php(402): require_once('/Users/codeacio...')
#9 /Users/codeacious3/Sites/lab-jsmarketplace/libraries/src/Component/ComponentHelper.php(377): Joomla\CMS\Component\ComponentHelper::executeComponent('/Users/codeacio...')
#10 /Users/codeacious3/Sites/lab-jsmarketplace/libraries/src/Application/SiteApplication.php(194): Joomla\CMS\Component\ComponentHelper::renderComponent('com_sppagebuild...')
#11 /Users/codeacious3/Sites/lab-jsmarketplace/libraries/src/Application/SiteApplication.php(233): Joomla\CMS\Application\SiteApplication->dispatch()
#12 /Users/codeacious3/Sites/lab-jsmarketplace/libraries/src/Application/CMSApplication.php(196): Joomla\CMS\Application\SiteApplication->doExecute()
#13 /Users/codeacious3/Sites/lab-jsmarketplace/index.php(49): Joomla\CMS\Application\CMSApplication->execute()
#14 {main}
2019-06-06T12:09:39+00:00	CRITICAL ::1	error	Uncaught \Throwable of type Joomla\CMS\Router\Exception\RouteNotFoundException thrown. Stack trace: #0 /Users/codeacious3/Sites/lab-jsmarketplace/components/com_sellacious/router.php(410): SellaciousRouter->parseCategoriesSegments(Array, Array)
#1 /Users/codeacious3/Sites/lab-jsmarketplace/libraries/src/Router/SiteRouter.php(437): SellaciousRouter->parse(Array)
#2 /Users/codeacious3/Sites/lab-jsmarketplace/libraries/src/Router/Router.php(482): Joomla\CMS\Router\SiteRouter->parseSefRoute(Object(Joomla\CMS\Uri\Uri))
#3 /Users/codeacious3/Sites/lab-jsmarketplace/libraries/src/Router/Router.php(227): Joomla\CMS\Router\Router->_parseSefRoute(Object(Joomla\CMS\Uri\Uri))
#4 /Users/codeacious3/Sites/lab-jsmarketplace/libraries/src/Router/SiteRouter.php(138): Joomla\CMS\Router\Router->parse(Object(Joomla\CMS\Uri\Uri))
#5 /Users/codeacious3/Sites/lab-jsmarketplace/libraries/src/Application/CMSApplication.php(1074): Joomla\CMS\Router\SiteRouter->parse(Object(Joomla\CMS\Uri\Uri))
#6 /Users/codeacious3/Sites/lab-jsmarketplace/libraries/src/Application/SiteApplication.php(796): Joomla\CMS\Application\CMSApplication->route()
#7 /Users/codeacious3/Sites/lab-jsmarketplace/libraries/src/Application/SiteApplication.php(218): Joomla\CMS\Application\SiteApplication->route()
#8 /Users/codeacious3/Sites/lab-jsmarketplace/libraries/src/Application/CMSApplication.php(196): Joomla\CMS\Application\SiteApplication->doExecute()
#9 /Users/codeacious3/Sites/lab-jsmarketplace/index.php(49): Joomla\CMS\Application\CMSApplication->execute()
#10 {main}
