#
#<?php die('Forbidden.'); ?>
#Date: 2019-03-12 06:44:27 UTC
#Software: Joomla Platform 13.1.0 Stable [ Curiosity ] 24-Apr-2013 00:00 GMT

#Fields: datetime	priority clientip	category	message
2019-03-12T06:44:27+00:00	CRITICAL ::1	error	Uncaught \Throwable of type Exception thrown. Stack trace: #0 /Users/codeacious3/Sites/sellacious/libraries/src/MVC/Controller/BaseController.php(621): Joomla\CMS\MVC\Controller\BaseController->getView('sellacious', 'json', 'sellaciousView', Array)
#1 /Users/codeacious3/Sites/sellacious/libraries/src/MVC/Controller/BaseController.php(710): Joomla\CMS\MVC\Controller\BaseController->display()
#2 /Users/codeacious3/Sites/sellacious/components/com_sellacious/sellacious.php(28): Joomla\CMS\MVC\Controller\BaseController->execute('buildindex')
#3 /Users/codeacious3/Sites/sellacious/libraries/src/Component/ComponentHelper.php(402): require_once('/Users/codeacio...')
#4 /Users/codeacious3/Sites/sellacious/libraries/src/Component/ComponentHelper.php(377): Joomla\CMS\Component\ComponentHelper::executeComponent('/Users/codeacio...')
#5 /Users/codeacious3/Sites/sellacious/libraries/src/Application/SiteApplication.php(194): Joomla\CMS\Component\ComponentHelper::renderComponent('com_sellacious')
#6 /Users/codeacious3/Sites/sellacious/libraries/src/Application/SiteApplication.php(233): Joomla\CMS\Application\SiteApplication->dispatch()
#7 /Users/codeacious3/Sites/sellacious/libraries/src/Application/CMSApplication.php(196): Joomla\CMS\Application\SiteApplication->doExecute()
#8 /Users/codeacious3/Sites/sellacious/index.php(49): Joomla\CMS\Application\CMSApplication->execute()
#9 {main}
2019-03-12T07:28:31+00:00	CRITICAL ::1	error	Uncaught \Throwable of type Exception thrown. Stack trace: #0 /Users/codeacious3/Sites/sellacious/libraries/src/MVC/Controller/BaseController.php(621): Joomla\CMS\MVC\Controller\BaseController->getView('login', 'json', 'loginView', Array)
#1 /Users/codeacious3/Sites/sellacious/sellacious/components/com_login/controller.php(42): Joomla\CMS\MVC\Controller\BaseController->display(false, NULL)
#2 /Users/codeacious3/Sites/sellacious/libraries/src/MVC/Controller/BaseController.php(710): LoginController->display()
#3 /Users/codeacious3/Sites/sellacious/sellacious/components/com_login/login.php(21): Joomla\CMS\MVC\Controller\BaseController->execute('')
#4 /Users/codeacious3/Sites/sellacious/libraries/src/Component/ComponentHelper.php(402): require_once('/Users/codeacio...')
#5 /Users/codeacious3/Sites/sellacious/libraries/src/Component/ComponentHelper.php(377): Joomla\CMS\Component\ComponentHelper::executeComponent('/Users/codeacio...')
#6 /Users/codeacious3/Sites/sellacious/sellacious/includes/libraries/application.php(205): Joomla\CMS\Component\ComponentHelper::renderComponent('com_login')
#7 /Users/codeacious3/Sites/sellacious/sellacious/includes/libraries/application.php(250): JApplicationSellacious->dispatch()
#8 /Users/codeacious3/Sites/sellacious/libraries/src/Application/CMSApplication.php(196): JApplicationSellacious->doExecute()
#9 /Users/codeacious3/Sites/sellacious/sellacious/index.php(43): Joomla\CMS\Application\CMSApplication->execute()
#10 {main}
2019-03-12T07:28:59+00:00	CRITICAL ::1	error	Uncaught \Throwable of type JException thrown. Stack trace: #0 /Users/codeacious3/Sites/sellacious/libraries/legacy/error/error.php(277): JError::raise(1, 404, 'Article not fou...', NULL, true)
#1 /Users/codeacious3/Sites/sellacious/components/com_content/models/article.php(155): JError::raiseError(404, 'Article not fou...')
#2 /Users/codeacious3/Sites/sellacious/libraries/src/MVC/View/HtmlView.php(425): ContentModelArticle->getItem()
#3 /Users/codeacious3/Sites/sellacious/components/com_content/views/article/view.html.php(42): Joomla\CMS\MVC\View\HtmlView->get('Item')
#4 /Users/codeacious3/Sites/sellacious/libraries/src/MVC/Controller/BaseController.php(672): ContentViewArticle->display()
#5 /Users/codeacious3/Sites/sellacious/components/com_content/controller.php(118): Joomla\CMS\MVC\Controller\BaseController->display(true, Array)
#6 /Users/codeacious3/Sites/sellacious/libraries/src/MVC/Controller/BaseController.php(710): ContentController->display()
#7 /Users/codeacious3/Sites/sellacious/components/com_content/content.php(43): Joomla\CMS\MVC\Controller\BaseController->execute('')
#8 /Users/codeacious3/Sites/sellacious/libraries/src/Component/ComponentHelper.php(402): require_once('/Users/codeacio...')
#9 /Users/codeacious3/Sites/sellacious/libraries/src/Component/ComponentHelper.php(377): Joomla\CMS\Component\ComponentHelper::executeComponent('/Users/codeacio...')
#10 /Users/codeacious3/Sites/sellacious/libraries/src/Application/SiteApplication.php(194): Joomla\CMS\Component\ComponentHelper::renderComponent('com_content')
#11 /Users/codeacious3/Sites/sellacious/libraries/src/Application/SiteApplication.php(233): Joomla\CMS\Application\SiteApplication->dispatch()
#12 /Users/codeacious3/Sites/sellacious/libraries/src/Application/CMSApplication.php(196): Joomla\CMS\Application\SiteApplication->doExecute()
#13 /Users/codeacious3/Sites/sellacious/index.php(49): Joomla\CMS\Application\CMSApplication->execute()
#14 {main}
2019-03-12T07:30:58+00:00	CRITICAL -	error	Uncaught \Throwable of type JDatabaseExceptionConnecting thrown. Stack trace: #0 /Users/codeacious3/Sites/sellacious/libraries/joomla/database/driver/mysqli.php(439): JDatabaseDriverMysqli->connect()
#1 /Users/codeacious3/Sites/sellacious/libraries/src/Table/Table.php(245): JDatabaseDriverMysqli->getTableColumns('#__extensions', false)
#2 /Users/codeacious3/Sites/sellacious/libraries/src/Table/Table.php(164): Joomla\CMS\Table\Table->getFields()
#3 /Users/codeacious3/Sites/sellacious/libraries/src/Table/Extension.php(32): Joomla\CMS\Table\Table->__construct('#__extensions', Array, Object(JDatabaseDriverMysqli))
#4 /Users/codeacious3/Sites/sellacious/libraries/src/Table/Table.php(312): Joomla\CMS\Table\Extension->__construct(Object(JDatabaseDriverMysqli))
#5 /Users/codeacious3/Sites/sellacious/libraries/sellacious/helper/helper.php(206): Joomla\CMS\Table\Table::getInstance('Extension')
#6 /Users/codeacious3/Sites/sellacious/libraries/sellacious/helper/helper.php(168): SellaciousHelper->detectVersion()
#7 /Users/codeacious3/Sites/sellacious/libraries/sellacious/loader.php(24): SellaciousHelper::getInstance()
#8 /Users/codeacious3/Sites/sellacious/libraries/loader.php(226): include_once('/Users/codeacio...')
#9 /Users/codeacious3/Sites/sellacious/sellacious/cli/application.php(36): JLoader::import('sellacious.load...')
#10 /Users/codeacious3/Sites/sellacious/libraries/src/Application/CliApplication.php(119): SellaciousCliApplication->__construct()
#11 /Users/codeacious3/Sites/sellacious/sellacious/cli/sellacious_cache.php(148): Joomla\CMS\Application\CliApplication::getInstance('SellaciousCache...')
#12 {main}
2019-03-12T07:32:26+00:00	CRITICAL -	error	Uncaught \Throwable of type JDatabaseExceptionConnecting thrown. Stack trace: #0 /Users/codeacious3/Sites/sellacious/libraries/joomla/database/driver/mysqli.php(439): JDatabaseDriverMysqli->connect()
#1 /Users/codeacious3/Sites/sellacious/libraries/src/Table/Table.php(245): JDatabaseDriverMysqli->getTableColumns('#__extensions', false)
#2 /Users/codeacious3/Sites/sellacious/libraries/src/Table/Table.php(164): Joomla\CMS\Table\Table->getFields()
#3 /Users/codeacious3/Sites/sellacious/libraries/src/Table/Extension.php(32): Joomla\CMS\Table\Table->__construct('#__extensions', Array, Object(JDatabaseDriverMysqli))
#4 /Users/codeacious3/Sites/sellacious/libraries/src/Table/Table.php(312): Joomla\CMS\Table\Extension->__construct(Object(JDatabaseDriverMysqli))
#5 /Users/codeacious3/Sites/sellacious/libraries/sellacious/helper/helper.php(206): Joomla\CMS\Table\Table::getInstance('Extension')
#6 /Users/codeacious3/Sites/sellacious/libraries/sellacious/helper/helper.php(168): SellaciousHelper->detectVersion()
#7 /Users/codeacious3/Sites/sellacious/libraries/sellacious/loader.php(24): SellaciousHelper::getInstance()
#8 /Users/codeacious3/Sites/sellacious/libraries/loader.php(226): include_once('/Users/codeacio...')
#9 /Users/codeacious3/Sites/sellacious/sellacious/cli/application.php(36): JLoader::import('sellacious.load...')
#10 /Users/codeacious3/Sites/sellacious/libraries/src/Application/CliApplication.php(119): SellaciousCliApplication->__construct()
#11 /Users/codeacious3/Sites/sellacious/sellacious/cli/sellacious_importer.php(220): Joomla\CMS\Application\CliApplication::getInstance('SellaciousImpor...')
#12 {main}
2019-03-12T08:13:11+00:00	CRITICAL ::1	error	Uncaught \Throwable of type JException thrown. Stack trace: #0 /Users/codeacious3/Sites/sellacious/libraries/legacy/error/error.php(277): JError::raise(1, 404, 'Article not fou...', NULL, true)
#1 /Users/codeacious3/Sites/sellacious/components/com_content/models/article.php(155): JError::raiseError(404, 'Article not fou...')
#2 /Users/codeacious3/Sites/sellacious/libraries/src/MVC/View/HtmlView.php(425): ContentModelArticle->getItem()
#3 /Users/codeacious3/Sites/sellacious/components/com_content/views/article/view.html.php(42): Joomla\CMS\MVC\View\HtmlView->get('Item')
#4 /Users/codeacious3/Sites/sellacious/libraries/src/MVC/Controller/BaseController.php(672): ContentViewArticle->display()
#5 /Users/codeacious3/Sites/sellacious/components/com_content/controller.php(118): Joomla\CMS\MVC\Controller\BaseController->display(true, Array)
#6 /Users/codeacious3/Sites/sellacious/libraries/src/MVC/Controller/BaseController.php(710): ContentController->display()
#7 /Users/codeacious3/Sites/sellacious/components/com_content/content.php(43): Joomla\CMS\MVC\Controller\BaseController->execute('')
#8 /Users/codeacious3/Sites/sellacious/libraries/src/Component/ComponentHelper.php(402): require_once('/Users/codeacio...')
#9 /Users/codeacious3/Sites/sellacious/libraries/src/Component/ComponentHelper.php(377): Joomla\CMS\Component\ComponentHelper::executeComponent('/Users/codeacio...')
#10 /Users/codeacious3/Sites/sellacious/libraries/src/Application/SiteApplication.php(194): Joomla\CMS\Component\ComponentHelper::renderComponent('com_content')
#11 /Users/codeacious3/Sites/sellacious/libraries/src/Application/SiteApplication.php(233): Joomla\CMS\Application\SiteApplication->dispatch()
#12 /Users/codeacious3/Sites/sellacious/libraries/src/Application/CMSApplication.php(196): Joomla\CMS\Application\SiteApplication->doExecute()
#13 /Users/codeacious3/Sites/sellacious/index.php(49): Joomla\CMS\Application\CMSApplication->execute()
#14 {main}
